{"/Users/martinlutern/flip-trx/babel-plugin.config.js": {"path":"/Users/martinlutern/flip-trx/babel-plugin.config.js","statementMap":{"0":{"start":{"line":1,"column":0},"end":{"line":13,"column":2}}},"fnMap":{},"branchMap":{},"s":{"0":0},"f":{},"b":{}}
,"/Users/martinlutern/flip-trx/app/[id].tsx": {"path":"/Users/martinlutern/flip-trx/app/[id].tsx","statementMap":{"0":{"start":{"line":27,"column":17},"end":{"line":27,"column":39}},"1":{"start":{"line":28,"column":17},"end":{"line":28,"column":28}},"2":{"start":{"line":29,"column":22},"end":{"line":31,"column":3}},"3":{"start":{"line":30,"column":12},"end":{"line":30,"column":36}},"4":{"start":{"line":34,"column":23},"end":{"line":34,"column":52}},"5":{"start":{"line":35,"column":26},"end":{"line":35,"column":53}},"6":{"start":{"line":36,"column":24},"end":{"line":36,"column":54}},"7":{"start":{"line":37,"column":21},"end":{"line":37,"column":43}},"8":{"start":{"line":38,"column":21},"end":{"line":38,"column":43}},"9":{"start":{"line":41,"column":17},"end":{"line":44,"column":3}},"10":{"start":{"line":42,"column":10},"end":{"line":42,"column":60}},"11":{"start":{"line":46,"column":26},"end":{"line":53,"column":19}},"12":{"start":{"line":47,"column":4},"end":{"line":47,"column":29}},"13":{"start":{"line":47,"column":22},"end":{"line":47,"column":29}},"14":{"start":{"line":48,"column":4},"end":{"line":48,"column":45}},"15":{"start":{"line":49,"column":4},"end":{"line":52,"column":6}},"16":{"start":{"line":55,"column":24},"end":{"line":62,"column":31}},"17":{"start":{"line":56,"column":4},"end":{"line":56,"column":44}},"18":{"start":{"line":56,"column":34},"end":{"line":56,"column":44}},"19":{"start":{"line":57,"column":4},"end":{"line":61,"column":7}},"20":{"start":{"line":64,"column":2},"end":{"line":71,"column":3}},"21":{"start":{"line":65,"column":4},"end":{"line":70,"column":6}},"22":{"start":{"line":73,"column":2},"end":{"line":130,"column":4}},"23":{"start":{"line":133,"column":21},"end":{"line":177,"column":4}},"24":{"start":{"line":138,"column":2},"end":{"line":177,"column":4}}},"fnMap":{"0":{"name":"DetailPage","decl":{"start":{"line":26,"column":24},"end":{"line":26,"column":34}},"loc":{"start":{"line":26,"column":37},"end":{"line":131,"column":1}},"line":26},"1":{"name":"(anonymous_1)","decl":{"start":{"line":30,"column":4},"end":{"line":30,"column":5}},"loc":{"start":{"line":30,"column":12},"end":{"line":30,"column":36}},"line":30},"2":{"name":"(anonymous_2)","decl":{"start":{"line":42,"column":4},"end":{"line":42,"column":5}},"loc":{"start":{"line":42,"column":10},"end":{"line":42,"column":60}},"line":42},"3":{"name":"(anonymous_3)","decl":{"start":{"line":46,"column":38},"end":{"line":46,"column":39}},"loc":{"start":{"line":46,"column":44},"end":{"line":53,"column":3}},"line":46},"4":{"name":"(anonymous_4)","decl":{"start":{"line":55,"column":32},"end":{"line":55,"column":33}},"loc":{"start":{"line":55,"column":38},"end":{"line":62,"column":3}},"line":55},"5":{"name":"(anonymous_5)","decl":{"start":{"line":133,"column":21},"end":{"line":133,"column":22}},"loc":{"start":{"line":138,"column":2},"end":{"line":177,"column":4}},"line":138}},"branchMap":{"0":{"loc":{"start":{"line":47,"column":4},"end":{"line":47,"column":29}},"type":"if","locations":[{"start":{"line":47,"column":4},"end":{"line":47,"column":29}},{"start":{},"end":{}}],"line":47},"1":{"loc":{"start":{"line":56,"column":4},"end":{"line":56,"column":44}},"type":"if","locations":[{"start":{"line":56,"column":4},"end":{"line":56,"column":44}},{"start":{},"end":{}}],"line":56},"2":{"loc":{"start":{"line":64,"column":2},"end":{"line":71,"column":3}},"type":"if","locations":[{"start":{"line":64,"column":2},"end":{"line":71,"column":3}},{"start":{},"end":{}}],"line":64}},"s":{"0":0,"1":0,"2":0,"3":0,"4":0,"5":0,"6":0,"7":0,"8":0,"9":0,"10":0,"11":0,"12":0,"13":0,"14":0,"15":0,"16":0,"17":0,"18":0,"19":0,"20":0,"21":0,"22":0,"23":0,"24":0},"f":{"0":0,"1":0,"2":0,"3":0,"4":0,"5":0},"b":{"0":[0,0],"1":[0,0],"2":[0,0]}}
,"/Users/martinlutern/flip-trx/app/_layout.tsx": {"path":"/Users/martinlutern/flip-trx/app/_layout.tsx","statementMap":{"0":{"start":{"line":17,"column":0},"end":{"line":17,"column":36}},"1":{"start":{"line":20,"column":22},"end":{"line":20,"column":49}},"2":{"start":{"line":21,"column":35},"end":{"line":23,"column":4}},"3":{"start":{"line":26,"column":17},"end":{"line":26,"column":69}},"4":{"start":{"line":26,"column":31},"end":{"line":26,"column":53}},"5":{"start":{"line":28,"column":31},"end":{"line":32,"column":30}},"6":{"start":{"line":29,"column":4},"end":{"line":31,"column":5}},"7":{"start":{"line":30,"column":6},"end":{"line":30,"column":37}},"8":{"start":{"line":34,"column":2},"end":{"line":36,"column":29}},"9":{"start":{"line":35,"column":4},"end":{"line":35,"column":27}},"10":{"start":{"line":38,"column":24},"end":{"line":44,"column":3}},"11":{"start":{"line":39,"column":11},"end":{"line":42,"column":5}},"12":{"start":{"line":46,"column":2},"end":{"line":52,"column":3}},"13":{"start":{"line":47,"column":4},"end":{"line":51,"column":6}},"14":{"start":{"line":54,"column":2},"end":{"line":75,"column":4}},"15":{"start":{"line":78,"column":18},"end":{"line":92,"column":4}},"16":{"start":{"line":79,"column":2},"end":{"line":92,"column":4}}},"fnMap":{"0":{"name":"RootLayout","decl":{"start":{"line":19,"column":24},"end":{"line":19,"column":34}},"loc":{"start":{"line":19,"column":37},"end":{"line":76,"column":1}},"line":19},"1":{"name":"(anonymous_1)","decl":{"start":{"line":26,"column":25},"end":{"line":26,"column":26}},"loc":{"start":{"line":26,"column":31},"end":{"line":26,"column":53}},"line":26},"2":{"name":"(anonymous_2)","decl":{"start":{"line":28,"column":43},"end":{"line":28,"column":44}},"loc":{"start":{"line":28,"column":55},"end":{"line":32,"column":3}},"line":28},"3":{"name":"(anonymous_3)","decl":{"start":{"line":34,"column":12},"end":{"line":34,"column":13}},"loc":{"start":{"line":34,"column":18},"end":{"line":36,"column":3}},"line":34},"4":{"name":"(anonymous_4)","decl":{"start":{"line":39,"column":4},"end":{"line":39,"column":5}},"loc":{"start":{"line":39,"column":11},"end":{"line":42,"column":5}},"line":39},"5":{"name":"(anonymous_5)","decl":{"start":{"line":78,"column":18},"end":{"line":78,"column":19}},"loc":{"start":{"line":79,"column":2},"end":{"line":92,"column":4}},"line":79}},"branchMap":{"0":{"loc":{"start":{"line":20,"column":22},"end":{"line":20,"column":49}},"type":"binary-expr","locations":[{"start":{"line":20,"column":22},"end":{"line":20,"column":38}},{"start":{"line":20,"column":42},"end":{"line":20,"column":49}}],"line":20},"1":{"loc":{"start":{"line":29,"column":4},"end":{"line":31,"column":5}},"type":"if","locations":[{"start":{"line":29,"column":4},"end":{"line":31,"column":5}},{"start":{},"end":{}}],"line":29},"2":{"loc":{"start":{"line":29,"column":8},"end":{"line":29,"column":32}},"type":"binary-expr","locations":[{"start":{"line":29,"column":8},"end":{"line":29,"column":19}},{"start":{"line":29,"column":23},"end":{"line":29,"column":32}}],"line":29},"3":{"loc":{"start":{"line":46,"column":2},"end":{"line":52,"column":3}},"type":"if","locations":[{"start":{"line":46,"column":2},"end":{"line":52,"column":3}},{"start":{},"end":{}}],"line":46},"4":{"loc":{"start":{"line":46,"column":6},"end":{"line":46,"column":32}},"type":"binary-expr","locations":[{"start":{"line":46,"column":6},"end":{"line":46,"column":18}},{"start":{"line":46,"column":22},"end":{"line":46,"column":32}}],"line":46}},"s":{"0":0,"1":0,"2":0,"3":0,"4":0,"5":0,"6":0,"7":0,"8":0,"9":0,"10":0,"11":0,"12":0,"13":0,"14":0,"15":0,"16":0},"f":{"0":0,"1":0,"2":0,"3":0,"4":0,"5":0},"b":{"0":[0,0],"1":[0,0],"2":[0,0],"3":[0,0],"4":[0,0]}}
,"/Users/martinlutern/flip-trx/app/index.tsx": {"path":"/Users/martinlutern/flip-trx/app/index.tsx","statementMap":{"0":{"start":{"line":44,"column":23},"end":{"line":44,"column":52}},"1":{"start":{"line":45,"column":22},"end":{"line":45,"column":50}},"2":{"start":{"line":46,"column":24},"end":{"line":46,"column":54}},"3":{"start":{"line":47,"column":24},"end":{"line":47,"column":49}},"4":{"start":{"line":48,"column":21},"end":{"line":48,"column":44}},"5":{"start":{"line":49,"column":21},"end":{"line":49,"column":43}},"6":{"start":{"line":52,"column":17},"end":{"line":62,"column":3}},"7":{"start":{"line":53,"column":10},"end":{"line":53,"column":61}},"8":{"start":{"line":64,"column":19},"end":{"line":64,"column":45}},"9":{"start":{"line":65,"column":40},"end":{"line":74,"column":3}},"10":{"start":{"line":66,"column":27},"end":{"line":72,"column":5}},"11":{"start":{"line":75,"column":24},"end":{"line":75,"column":64}},"12":{"start":{"line":76,"column":50},"end":{"line":76,"column":62}},"13":{"start":{"line":77,"column":21},"end":{"line":77,"column":56}},"14":{"start":{"line":78,"column":38},"end":{"line":78,"column":53}},"15":{"start":{"line":79,"column":50},"end":{"line":79,"column":65}},"16":{"start":{"line":81,"column":2},"end":{"line":86,"column":17}},"17":{"start":{"line":82,"column":4},"end":{"line":82,"column":34}},"18":{"start":{"line":83,"column":4},"end":{"line":85,"column":6}},"19":{"start":{"line":84,"column":6},"end":{"line":84,"column":61}},"20":{"start":{"line":88,"column":20},"end":{"line":92,"column":16}},"21":{"start":{"line":89,"column":4},"end":{"line":89,"column":24}},"22":{"start":{"line":90,"column":4},"end":{"line":90,"column":40}},"23":{"start":{"line":91,"column":4},"end":{"line":91,"column":25}},"24":{"start":{"line":94,"column":29},"end":{"line":107,"column":3}},"25":{"start":{"line":96,"column":6},"end":{"line":96,"column":32}},"26":{"start":{"line":97,"column":6},"end":{"line":97,"column":61}},"27":{"start":{"line":98,"column":6},"end":{"line":101,"column":7}},"28":{"start":{"line":99,"column":8},"end":{"line":99,"column":37}},"29":{"start":{"line":100,"column":8},"end":{"line":100,"column":15}},"30":{"start":{"line":102,"column":6},"end":{"line":104,"column":14}},"31":{"start":{"line":103,"column":8},"end":{"line":103,"column":39}},"32":{"start":{"line":109,"column":32},"end":{"line":112,"column":3}},"33":{"start":{"line":110,"column":41},"end":{"line":110,"column":70}},"34":{"start":{"line":114,"column":2},"end":{"line":121,"column":6}},"35":{"start":{"line":115,"column":4},"end":{"line":121,"column":6}},"36":{"start":{"line":122,"column":2},"end":{"line":123,"column":109}},"37":{"start":{"line":123,"column":4},"end":{"line":123,"column":109}},"38":{"start":{"line":125,"column":2},"end":{"line":183,"column":4}},"39":{"start":{"line":147,"column":25},"end":{"line":147,"column":50}},"40":{"start":{"line":160,"column":32},"end":{"line":160,"column":39}},"41":{"start":{"line":175,"column":23},"end":{"line":175,"column":49}},"42":{"start":{"line":178,"column":10},"end":{"line":178,"column":42}},"43":{"start":{"line":179,"column":10},"end":{"line":179,"column":37}},"44":{"start":{"line":186,"column":21},"end":{"line":225,"column":4}},"45":{"start":{"line":191,"column":2},"end":{"line":225,"column":4}}},"fnMap":{"0":{"name":"TransactionList","decl":{"start":{"line":42,"column":24},"end":{"line":42,"column":39}},"loc":{"start":{"line":42,"column":42},"end":{"line":184,"column":1}},"line":42},"1":{"name":"(anonymous_1)","decl":{"start":{"line":53,"column":4},"end":{"line":53,"column":5}},"loc":{"start":{"line":53,"column":10},"end":{"line":53,"column":61}},"line":53},"2":{"name":"(anonymous_2)","decl":{"start":{"line":66,"column":4},"end":{"line":66,"column":5}},"loc":{"start":{"line":66,"column":27},"end":{"line":72,"column":5}},"line":66},"3":{"name":"(anonymous_3)","decl":{"start":{"line":81,"column":12},"end":{"line":81,"column":13}},"loc":{"start":{"line":81,"column":18},"end":{"line":86,"column":3}},"line":81},"4":{"name":"(anonymous_4)","decl":{"start":{"line":83,"column":11},"end":{"line":83,"column":12}},"loc":{"start":{"line":83,"column":17},"end":{"line":85,"column":5}},"line":83},"5":{"name":"(anonymous_5)","decl":{"start":{"line":88,"column":32},"end":{"line":88,"column":33}},"loc":{"start":{"line":88,"column":44},"end":{"line":92,"column":3}},"line":88},"6":{"name":"(anonymous_6)","decl":{"start":{"line":95,"column":4},"end":{"line":95,"column":5}},"loc":{"start":{"line":95,"column":22},"end":{"line":105,"column":5}},"line":95},"7":{"name":"(anonymous_7)","decl":{"start":{"line":102,"column":38},"end":{"line":102,"column":39}},"loc":{"start":{"line":102,"column":44},"end":{"line":104,"column":7}},"line":102},"8":{"name":"(anonymous_8)","decl":{"start":{"line":110,"column":4},"end":{"line":110,"column":5}},"loc":{"start":{"line":110,"column":41},"end":{"line":110,"column":70}},"line":110},"9":{"name":"(anonymous_9)","decl":{"start":{"line":147,"column":19},"end":{"line":147,"column":20}},"loc":{"start":{"line":147,"column":25},"end":{"line":147,"column":50}},"line":147},"10":{"name":"(anonymous_10)","decl":{"start":{"line":160,"column":22},"end":{"line":160,"column":23}},"loc":{"start":{"line":160,"column":32},"end":{"line":160,"column":39}},"line":160},"11":{"name":"(anonymous_11)","decl":{"start":{"line":175,"column":17},"end":{"line":175,"column":18}},"loc":{"start":{"line":175,"column":23},"end":{"line":175,"column":49}},"line":175},"12":{"name":"(anonymous_12)","decl":{"start":{"line":177,"column":18},"end":{"line":177,"column":19}},"loc":{"start":{"line":177,"column":30},"end":{"line":180,"column":9}},"line":177},"13":{"name":"(anonymous_13)","decl":{"start":{"line":186,"column":21},"end":{"line":186,"column":22}},"loc":{"start":{"line":191,"column":2},"end":{"line":225,"column":4}},"line":191}},"branchMap":{"0":{"loc":{"start":{"line":84,"column":6},"end":{"line":84,"column":60}},"type":"binary-expr","locations":[{"start":{"line":84,"column":6},"end":{"line":84,"column":24}},{"start":{"line":84,"column":28},"end":{"line":84,"column":60}}],"line":84},"1":{"loc":{"start":{"line":97,"column":6},"end":{"line":97,"column":60}},"type":"binary-expr","locations":[{"start":{"line":97,"column":6},"end":{"line":97,"column":24}},{"start":{"line":97,"column":28},"end":{"line":97,"column":60}}],"line":97},"2":{"loc":{"start":{"line":98,"column":6},"end":{"line":101,"column":7}},"type":"if","locations":[{"start":{"line":98,"column":6},"end":{"line":101,"column":7}},{"start":{},"end":{}}],"line":98},"3":{"loc":{"start":{"line":114,"column":2},"end":{"line":121,"column":6}},"type":"if","locations":[{"start":{"line":114,"column":2},"end":{"line":121,"column":6}},{"start":{},"end":{}}],"line":114},"4":{"loc":{"start":{"line":122,"column":2},"end":{"line":123,"column":109}},"type":"if","locations":[{"start":{"line":122,"column":2},"end":{"line":123,"column":109}},{"start":{},"end":{}}],"line":122},"5":{"loc":{"start":{"line":123,"column":67},"end":{"line":123,"column":104}},"type":"binary-expr","locations":[{"start":{"line":123,"column":67},"end":{"line":123,"column":72}},{"start":{"line":123,"column":76},"end":{"line":123,"column":104}}],"line":123},"6":{"loc":{"start":{"line":132,"column":19},"end":{"line":132,"column":76}},"type":"cond-expr","locations":[{"start":{"line":132,"column":49},"end":{"line":132,"column":60}},{"start":{"line":132,"column":63},"end":{"line":132,"column":76}}],"line":132}},"s":{"0":0,"1":0,"2":0,"3":0,"4":0,"5":0,"6":0,"7":0,"8":0,"9":0,"10":0,"11":0,"12":0,"13":0,"14":0,"15":0,"16":0,"17":0,"18":0,"19":0,"20":0,"21":0,"22":0,"23":0,"24":0,"25":0,"26":0,"27":0,"28":0,"29":0,"30":0,"31":0,"32":0,"33":0,"34":0,"35":0,"36":0,"37":0,"38":0,"39":0,"40":0,"41":0,"42":0,"43":0,"44":0,"45":0},"f":{"0":0,"1":0,"2":0,"3":0,"4":0,"5":0,"6":0,"7":0,"8":0,"9":0,"10":0,"11":0,"12":0,"13":0},"b":{"0":[0,0],"1":[0,0],"2":[0,0],"3":[0,0],"4":[0,0],"5":[0,0],"6":[0,0]}}
,"/Users/martinlutern/flip-trx/components/index.ts": {"path":"/Users/martinlutern/flip-trx/components/index.ts","statementMap":{},"fnMap":{},"branchMap":{},"s":{},"f":{},"b":{}}
,"/Users/martinlutern/flip-trx/components/BankTransferDetail/index.tsx": {"path":"/Users/martinlutern/flip-trx/components/BankTransferDetail/index.tsx","statementMap":{"0":{"start":{"line":13,"column":62},"end":{"line":41,"column":1}},"1":{"start":{"line":20,"column":17},"end":{"line":20,"column":68}},"2":{"start":{"line":20,"column":31},"end":{"line":20,"column":54}},"3":{"start":{"line":22,"column":2},"end":{"line":40,"column":4}},"4":{"start":{"line":43,"column":21},"end":{"line":64,"column":4}},"5":{"start":{"line":44,"column":2},"end":{"line":64,"column":4}}},"fnMap":{"0":{"name":"(anonymous_0)","decl":{"start":{"line":13,"column":62},"end":{"line":13,"column":63}},"loc":{"start":{"line":19,"column":6},"end":{"line":41,"column":1}},"line":19},"1":{"name":"(anonymous_1)","decl":{"start":{"line":20,"column":25},"end":{"line":20,"column":26}},"loc":{"start":{"line":20,"column":31},"end":{"line":20,"column":54}},"line":20},"2":{"name":"(anonymous_2)","decl":{"start":{"line":43,"column":21},"end":{"line":43,"column":22}},"loc":{"start":{"line":44,"column":2},"end":{"line":64,"column":4}},"line":44}},"branchMap":{"0":{"loc":{"start":{"line":31,"column":9},"end":{"line":37,"column":9}},"type":"binary-expr","locations":[{"start":{"line":31,"column":9},"end":{"line":31,"column":19}},{"start":{"line":32,"column":10},"end":{"line":36,"column":17}}],"line":31}},"s":{"0":0,"1":0,"2":0,"3":0,"4":0,"5":0},"f":{"0":0,"1":0,"2":0},"b":{"0":[0,0]}}
,"/Users/martinlutern/flip-trx/components/BankTransferTitle/index.tsx": {"path":"/Users/martinlutern/flip-trx/components/BankTransferTitle/index.tsx","statementMap":{"0":{"start":{"line":6,"column":26},"end":{"line":22,"column":1}},"1":{"start":{"line":14,"column":23},"end":{"line":14,"column":45}},"2":{"start":{"line":16,"column":4},"end":{"line":20,"column":6}},"3":{"start":{"line":24,"column":15},"end":{"line":29,"column":2}}},"fnMap":{"0":{"name":"(anonymous_0)","decl":{"start":{"line":7,"column":2},"end":{"line":7,"column":3}},"loc":{"start":{"line":13,"column":8},"end":{"line":21,"column":3}},"line":13}},"branchMap":{},"s":{"0":0,"1":0,"2":0,"3":0},"f":{"0":0},"b":{}}
,"/Users/martinlutern/flip-trx/components/Divider/index.tsx": {"path":"/Users/martinlutern/flip-trx/components/Divider/index.tsx","statementMap":{"0":{"start":{"line":12,"column":16},"end":{"line":27,"column":2}},"1":{"start":{"line":18,"column":26},"end":{"line":18,"column":53}},"2":{"start":{"line":20,"column":31},"end":{"line":24,"column":3}},"3":{"start":{"line":26,"column":2},"end":{"line":26,"column":45}}},"fnMap":{"0":{"name":"(anonymous_0)","decl":{"start":{"line":12,"column":21},"end":{"line":12,"column":22}},"loc":{"start":{"line":17,"column":20},"end":{"line":27,"column":1}},"line":17}},"branchMap":{"0":{"loc":{"start":{"line":13,"column":2},"end":{"line":13,"column":19}},"type":"default-arg","locations":[{"start":{"line":13,"column":15},"end":{"line":13,"column":19}}],"line":13},"1":{"loc":{"start":{"line":14,"column":2},"end":{"line":14,"column":15}},"type":"default-arg","locations":[{"start":{"line":14,"column":14},"end":{"line":14,"column":15}}],"line":14},"2":{"loc":{"start":{"line":21,"column":5},"end":{"line":21,"column":36}},"type":"cond-expr","locations":[{"start":{"line":21,"column":18},"end":{"line":21,"column":26}},{"start":{"line":21,"column":29},"end":{"line":21,"column":36}}],"line":21},"3":{"loc":{"start":{"line":22,"column":21},"end":{"line":22,"column":45}},"type":"binary-expr","locations":[{"start":{"line":22,"column":21},"end":{"line":22,"column":26}},{"start":{"line":22,"column":30},"end":{"line":22,"column":45}}],"line":22},"4":{"loc":{"start":{"line":23,"column":15},"end":{"line":23,"column":48}},"type":"cond-expr","locations":[{"start":{"line":23,"column":28},"end":{"line":23,"column":37}},{"start":{"line":23,"column":40},"end":{"line":23,"column":48}}],"line":23}},"s":{"0":0,"1":0,"2":0,"3":0},"f":{"0":0},"b":{"0":[0],"1":[0],"2":[0,0],"3":[0,0],"4":[0,0]}}
,"/Users/martinlutern/flip-trx/components/EmptyView/index.tsx": {"path":"/Users/martinlutern/flip-trx/components/EmptyView/index.tsx","statementMap":{"0":{"start":{"line":10,"column":18},"end":{"line":22,"column":2}},"1":{"start":{"line":11,"column":2},"end":{"line":21,"column":9}},"2":{"start":{"line":24,"column":15},"end":{"line":45,"column":2}}},"fnMap":{"0":{"name":"(anonymous_0)","decl":{"start":{"line":10,"column":23},"end":{"line":10,"column":24}},"loc":{"start":{"line":11,"column":2},"end":{"line":21,"column":9}},"line":11}},"branchMap":{},"s":{"0":0,"1":0,"2":0},"f":{"0":0},"b":{}}
,"/Users/martinlutern/flip-trx/components/IconTextButton/index.tsx": {"path":"/Users/martinlutern/flip-trx/components/IconTextButton/index.tsx","statementMap":{"0":{"start":{"line":28,"column":23},"end":{"line":72,"column":1}},"1":{"start":{"line":42,"column":18},"end":{"line":42,"column":54}},"2":{"start":{"line":44,"column":4},"end":{"line":70,"column":6}},"3":{"start":{"line":74,"column":15},"end":{"line":86,"column":2}}},"fnMap":{"0":{"name":"(anonymous_0)","decl":{"start":{"line":29,"column":2},"end":{"line":29,"column":3}},"loc":{"start":{"line":41,"column":29},"end":{"line":71,"column":3}},"line":41}},"branchMap":{"0":{"loc":{"start":{"line":33,"column":4},"end":{"line":33,"column":20}},"type":"default-arg","locations":[{"start":{"line":33,"column":15},"end":{"line":33,"column":20}}],"line":33},"1":{"loc":{"start":{"line":34,"column":4},"end":{"line":34,"column":17}},"type":"default-arg","locations":[{"start":{"line":34,"column":15},"end":{"line":34,"column":17}}],"line":34},"2":{"loc":{"start":{"line":42,"column":18},"end":{"line":42,"column":54}},"type":"cond-expr","locations":[{"start":{"line":42,"column":29},"end":{"line":42,"column":42}},{"start":{"line":42,"column":45},"end":{"line":42,"column":54}}],"line":42},"3":{"loc":{"start":{"line":55,"column":14},"end":{"line":55,"column":50}},"type":"binary-expr","locations":[{"start":{"line":55,"column":14},"end":{"line":55,"column":22}},{"start":{"line":55,"column":26},"end":{"line":55,"column":50}}],"line":55},"4":{"loc":{"start":{"line":61,"column":11},"end":{"line":61,"column":64}},"type":"binary-expr","locations":[{"start":{"line":61,"column":11},"end":{"line":61,"column":21}},{"start":{"line":61,"column":25},"end":{"line":61,"column":64}}],"line":61}},"s":{"0":0,"1":0,"2":0,"3":0},"f":{"0":0},"b":{"0":[0],"1":[0],"2":[0,0],"3":[0,0],"4":[0,0]}}
,"/Users/martinlutern/flip-trx/components/OptionItem/index.tsx": {"path":"/Users/martinlutern/flip-trx/components/OptionItem/index.tsx","statementMap":{"0":{"start":{"line":13,"column":19},"end":{"line":35,"column":2}},"1":{"start":{"line":14,"column":23},"end":{"line":14,"column":52}},"2":{"start":{"line":15,"column":22},"end":{"line":15,"column":50}},"3":{"start":{"line":17,"column":22},"end":{"line":19,"column":26}},"4":{"start":{"line":18,"column":4},"end":{"line":18,"column":23}},"5":{"start":{"line":21,"column":2},"end":{"line":34,"column":4}},"6":{"start":{"line":37,"column":15},"end":{"line":60,"column":2}}},"fnMap":{"0":{"name":"(anonymous_0)","decl":{"start":{"line":13,"column":24},"end":{"line":13,"column":25}},"loc":{"start":{"line":13,"column":75},"end":{"line":35,"column":1}},"line":13},"1":{"name":"(anonymous_1)","decl":{"start":{"line":17,"column":34},"end":{"line":17,"column":35}},"loc":{"start":{"line":17,"column":40},"end":{"line":19,"column":3}},"line":17}},"branchMap":{"0":{"loc":{"start":{"line":27,"column":12},"end":{"line":27,"column":70}},"type":"binary-expr","locations":[{"start":{"line":27,"column":12},"end":{"line":27,"column":33}},{"start":{"line":27,"column":37},"end":{"line":27,"column":70}}],"line":27}},"s":{"0":0,"1":0,"2":0,"3":0,"4":0,"5":0,"6":0},"f":{"0":0,"1":0},"b":{"0":[0,0]}}
,"/Users/martinlutern/flip-trx/components/SortDialog/index.tsx": {"path":"/Users/martinlutern/flip-trx/components/SortDialog/index.tsx","statementMap":{"0":{"start":{"line":14,"column":19},"end":{"line":57,"column":1}},"1":{"start":{"line":16,"column":26},"end":{"line":16,"column":51}},"2":{"start":{"line":17,"column":23},"end":{"line":17,"column":45}},"3":{"start":{"line":19,"column":31},"end":{"line":25,"column":5}},"4":{"start":{"line":21,"column":8},"end":{"line":21,"column":25}},"5":{"start":{"line":22,"column":8},"end":{"line":22,"column":18}},"6":{"start":{"line":27,"column":23},"end":{"line":36,"column":5}},"7":{"start":{"line":29,"column":8},"end":{"line":33,"column":10}},"8":{"start":{"line":38,"column":4},"end":{"line":55,"column":6}},"9":{"start":{"line":47,"column":38},"end":{"line":47,"column":46}},"10":{"start":{"line":59,"column":15},"end":{"line":70,"column":2}}},"fnMap":{"0":{"name":"(anonymous_0)","decl":{"start":{"line":15,"column":2},"end":{"line":15,"column":3}},"loc":{"start":{"line":15,"column":65},"end":{"line":56,"column":3}},"line":15},"1":{"name":"(anonymous_1)","decl":{"start":{"line":20,"column":6},"end":{"line":20,"column":7}},"loc":{"start":{"line":20,"column":30},"end":{"line":23,"column":7}},"line":20},"2":{"name":"(anonymous_2)","decl":{"start":{"line":28,"column":6},"end":{"line":28,"column":7}},"loc":{"start":{"line":29,"column":8},"end":{"line":33,"column":10}},"line":29},"3":{"name":"(anonymous_3)","decl":{"start":{"line":47,"column":28},"end":{"line":47,"column":29}},"loc":{"start":{"line":47,"column":38},"end":{"line":47,"column":46}},"line":47}},"branchMap":{},"s":{"0":0,"1":0,"2":0,"3":0,"4":0,"5":0,"6":0,"7":0,"8":0,"9":0,"10":0},"f":{"0":0,"1":0,"2":0,"3":0},"b":{}}
,"/Users/martinlutern/flip-trx/components/Spacer/index.tsx": {"path":"/Users/martinlutern/flip-trx/components/Spacer/index.tsx","statementMap":{"0":{"start":{"line":11,"column":44},"end":{"line":19,"column":1}},"1":{"start":{"line":21,"column":38},"end":{"line":32,"column":1}},"2":{"start":{"line":25,"column":18},"end":{"line":25,"column":65}},"3":{"start":{"line":27,"column":27},"end":{"line":29,"column":3}},"4":{"start":{"line":31,"column":2},"end":{"line":31,"column":32}}},"fnMap":{"0":{"name":"(anonymous_0)","decl":{"start":{"line":21,"column":38},"end":{"line":21,"column":39}},"loc":{"start":{"line":24,"column":6},"end":{"line":32,"column":1}},"line":24}},"branchMap":{"0":{"loc":{"start":{"line":22,"column":2},"end":{"line":22,"column":13}},"type":"default-arg","locations":[{"start":{"line":22,"column":9},"end":{"line":22,"column":13}}],"line":22},"1":{"loc":{"start":{"line":23,"column":2},"end":{"line":23,"column":20}},"type":"default-arg","locations":[{"start":{"line":23,"column":15},"end":{"line":23,"column":20}}],"line":23},"2":{"loc":{"start":{"line":25,"column":18},"end":{"line":25,"column":65}},"type":"cond-expr","locations":[{"start":{"line":25,"column":45},"end":{"line":25,"column":49}},{"start":{"line":25,"column":52},"end":{"line":25,"column":65}}],"line":25},"3":{"loc":{"start":{"line":28,"column":5},"end":{"line":28,"column":36}},"type":"cond-expr","locations":[{"start":{"line":28,"column":18},"end":{"line":28,"column":25}},{"start":{"line":28,"column":28},"end":{"line":28,"column":36}}],"line":28}},"s":{"0":0,"1":0,"2":0,"3":0,"4":0},"f":{"0":0},"b":{"0":[0],"1":[0],"2":[0,0],"3":[0,0]}}
,"/Users/martinlutern/flip-trx/components/TransactionItem/index.tsx": {"path":"/Users/martinlutern/flip-trx/components/TransactionItem/index.tsx","statementMap":{"0":{"start":{"line":10,"column":47},"end":{"line":105,"column":1}},"1":{"start":{"line":20,"column":23},"end":{"line":20,"column":45}},"2":{"start":{"line":21,"column":23},"end":{"line":21,"column":45}},"3":{"start":{"line":23,"column":24},"end":{"line":25,"column":12}},"4":{"start":{"line":24,"column":6},"end":{"line":24,"column":48}},"5":{"start":{"line":27,"column":25},"end":{"line":34,"column":5}},"6":{"start":{"line":28,"column":13},"end":{"line":32,"column":7}},"7":{"start":{"line":36,"column":28},"end":{"line":36,"column":75}},"8":{"start":{"line":36,"column":42},"end":{"line":36,"column":64}},"9":{"start":{"line":38,"column":26},"end":{"line":41,"column":5}},"10":{"start":{"line":39,"column":12},"end":{"line":39,"column":44}},"11":{"start":{"line":43,"column":29},"end":{"line":46,"column":5}},"12":{"start":{"line":44,"column":12},"end":{"line":44,"column":45}},"13":{"start":{"line":48,"column":26},"end":{"line":67,"column":5}},"14":{"start":{"line":50,"column":8},"end":{"line":65,"column":10}},"15":{"start":{"line":69,"column":4},"end":{"line":102,"column":6}},"16":{"start":{"line":104,"column":18},"end":{"line":104,"column":37}},"17":{"start":{"line":107,"column":15},"end":{"line":149,"column":2}}},"fnMap":{"0":{"name":"(anonymous_0)","decl":{"start":{"line":11,"column":2},"end":{"line":11,"column":3}},"loc":{"start":{"line":19,"column":8},"end":{"line":103,"column":3}},"line":19},"1":{"name":"(anonymous_1)","decl":{"start":{"line":23,"column":36},"end":{"line":23,"column":37}},"loc":{"start":{"line":23,"column":42},"end":{"line":25,"column":5}},"line":23},"2":{"name":"(anonymous_2)","decl":{"start":{"line":28,"column":6},"end":{"line":28,"column":7}},"loc":{"start":{"line":28,"column":13},"end":{"line":32,"column":7}},"line":28},"3":{"name":"(anonymous_3)","decl":{"start":{"line":36,"column":36},"end":{"line":36,"column":37}},"loc":{"start":{"line":36,"column":42},"end":{"line":36,"column":64}},"line":36},"4":{"name":"(anonymous_4)","decl":{"start":{"line":39,"column":6},"end":{"line":39,"column":7}},"loc":{"start":{"line":39,"column":12},"end":{"line":39,"column":44}},"line":39},"5":{"name":"(anonymous_5)","decl":{"start":{"line":44,"column":6},"end":{"line":44,"column":7}},"loc":{"start":{"line":44,"column":12},"end":{"line":44,"column":45}},"line":44},"6":{"name":"(anonymous_6)","decl":{"start":{"line":49,"column":6},"end":{"line":49,"column":7}},"loc":{"start":{"line":50,"column":8},"end":{"line":65,"column":10}},"line":50},"7":{"name":"(anonymous_7)","decl":{"start":{"line":104,"column":2},"end":{"line":104,"column":3}},"loc":{"start":{"line":104,"column":18},"end":{"line":104,"column":37}},"line":104}},"branchMap":{},"s":{"0":0,"1":0,"2":0,"3":0,"4":0,"5":0,"6":0,"7":0,"8":0,"9":0,"10":0,"11":0,"12":0,"13":0,"14":0,"15":0,"16":0,"17":0},"f":{"0":0,"1":0,"2":0,"3":0,"4":0,"5":0,"6":0,"7":0},"b":{}}
,"/Users/martinlutern/flip-trx/constants/index.ts": {"path":"/Users/martinlutern/flip-trx/constants/index.ts","statementMap":{},"fnMap":{},"branchMap":{},"s":{},"f":{},"b":{},"_coverageSchema":"1a1c01bbd47fc00a2c39e90264f33305004495a9","hash":"a44445cffed4917092a250c96b6913106d811f3a"}
,"/Users/martinlutern/flip-trx/constants/strings.ts": {"path":"/Users/martinlutern/flip-trx/constants/strings.ts","statementMap":{"0":{"start":{"line":1,"column":23},"end":{"line":63,"column":10}},"1":{"start":{"line":24,"column":36},"end":{"line":24,"column":74}}},"fnMap":{"0":{"name":"(anonymous_0)","decl":{"start":{"line":24,"column":17},"end":{"line":24,"column":18}},"loc":{"start":{"line":24,"column":36},"end":{"line":24,"column":74}},"line":24}},"branchMap":{},"s":{"0":4,"1":0},"f":{"0":0},"b":{},"_coverageSchema":"1a1c01bbd47fc00a2c39e90264f33305004495a9","hash":"fc8532f1eceeb316c4201b3828cc5b447a155706"}
,"/Users/martinlutern/flip-trx/hooks/Colors.ts": {"path":"/Users/martinlutern/flip-trx/hooks/Colors.ts","statementMap":{"0":{"start":{"line":3,"column":22},"end":{"line":6,"column":1}}},"fnMap":{},"branchMap":{},"s":{"0":0},"f":{},"b":{}}
,"/Users/martinlutern/flip-trx/hooks/index.ts": {"path":"/Users/martinlutern/flip-trx/hooks/index.ts","statementMap":{},"fnMap":{},"branchMap":{},"s":{},"f":{},"b":{}}
,"/Users/martinlutern/flip-trx/hooks/useThemeColor.ts": {"path":"/Users/martinlutern/flip-trx/hooks/useThemeColor.ts","statementMap":{"0":{"start":{"line":10,"column":16},"end":{"line":10,"column":43}},"1":{"start":{"line":11,"column":2},"end":{"line":11,"column":52}}},"fnMap":{"0":{"name":"useThemeColor","decl":{"start":{"line":6,"column":16},"end":{"line":6,"column":29}},"loc":{"start":{"line":9,"column":2},"end":{"line":12,"column":1}},"line":9}},"branchMap":{"0":{"loc":{"start":{"line":10,"column":16},"end":{"line":10,"column":43}},"type":"binary-expr","locations":[{"start":{"line":10,"column":16},"end":{"line":10,"column":32}},{"start":{"line":10,"column":36},"end":{"line":10,"column":43}}],"line":10},"1":{"loc":{"start":{"line":11,"column":9},"end":{"line":11,"column":51}},"type":"binary-expr","locations":[{"start":{"line":11,"column":9},"end":{"line":11,"column":23}},{"start":{"line":11,"column":27},"end":{"line":11,"column":51}}],"line":11}},"s":{"0":0,"1":0},"f":{"0":0},"b":{"0":[0,0],"1":[0,0]}}
,"/Users/martinlutern/flip-trx/redux/index.ts": {"path":"/Users/martinlutern/flip-trx/redux/index.ts","statementMap":{},"fnMap":{},"branchMap":{},"s":{},"f":{},"b":{}}
,"/Users/martinlutern/flip-trx/redux/store.ts": {"path":"/Users/martinlutern/flip-trx/redux/store.ts","statementMap":{"0":{"start":{"line":4,"column":21},"end":{"line":8,"column":2}}},"fnMap":{},"branchMap":{},"s":{"0":0},"f":{},"b":{}}
,"/Users/martinlutern/flip-trx/redux/transactions/transactionsSlice.ts": {"path":"/Users/martinlutern/flip-trx/redux/transactions/transactionsSlice.ts","statementMap":{"0":{"start":{"line":5,"column":40},"end":{"line":12,"column":1}},"1":{"start":{"line":14,"column":26},"end":{"line":40,"column":2}},"2":{"start":{"line":19,"column":6},"end":{"line":19,"column":40}},"3":{"start":{"line":22,"column":6},"end":{"line":22,"column":41}},"4":{"start":{"line":26,"column":4},"end":{"line":38,"column":9}},"5":{"start":{"line":28,"column":8},"end":{"line":28,"column":33}},"6":{"start":{"line":29,"column":8},"end":{"line":29,"column":27}},"7":{"start":{"line":32,"column":8},"end":{"line":32,"column":35}},"8":{"start":{"line":33,"column":8},"end":{"line":33,"column":39}},"9":{"start":{"line":36,"column":8},"end":{"line":36,"column":32}},"10":{"start":{"line":37,"column":8},"end":{"line":37,"column":47}},"11":{"start":{"line":42,"column":49},"end":{"line":42,"column":74}}},"fnMap":{"0":{"name":"(anonymous_0)","decl":{"start":{"line":18,"column":19},"end":{"line":18,"column":20}},"loc":{"start":{"line":18,"column":65},"end":{"line":20,"column":5}},"line":18},"1":{"name":"(anonymous_1)","decl":{"start":{"line":21,"column":20},"end":{"line":21,"column":21}},"loc":{"start":{"line":21,"column":62},"end":{"line":23,"column":5}},"line":21},"2":{"name":"(anonymous_2)","decl":{"start":{"line":25,"column":17},"end":{"line":25,"column":18}},"loc":{"start":{"line":25,"column":30},"end":{"line":39,"column":3}},"line":25},"3":{"name":"(anonymous_3)","decl":{"start":{"line":27,"column":42},"end":{"line":27,"column":43}},"loc":{"start":{"line":27,"column":53},"end":{"line":30,"column":7}},"line":27},"4":{"name":"(anonymous_4)","decl":{"start":{"line":31,"column":44},"end":{"line":31,"column":45}},"loc":{"start":{"line":31,"column":63},"end":{"line":34,"column":7}},"line":31},"5":{"name":"(anonymous_5)","decl":{"start":{"line":35,"column":43},"end":{"line":35,"column":44}},"loc":{"start":{"line":35,"column":62},"end":{"line":38,"column":7}},"line":35}},"branchMap":{},"s":{"0":0,"1":0,"2":0,"3":0,"4":0,"5":0,"6":0,"7":0,"8":0,"9":0,"10":0,"11":0},"f":{"0":0,"1":0,"2":0,"3":0,"4":0,"5":0},"b":{}}
,"/Users/martinlutern/flip-trx/redux/transactions/api/transactionsAPI.ts": {"path":"/Users/martinlutern/flip-trx/redux/transactions/api/transactionsAPI.ts","statementMap":{"0":{"start":{"line":3,"column":31},"end":{"line":9,"column":2}},"1":{"start":{"line":11,"column":25},"end":{"line":13,"column":1}}},"fnMap":{},"branchMap":{},"s":{"0":0,"1":0},"f":{},"b":{}}
,"/Users/martinlutern/flip-trx/redux/transactions/selectors/transactionsSelector.ts": {"path":"/Users/martinlutern/flip-trx/redux/transactions/selectors/transactionsSelector.ts","statementMap":{"0":{"start":{"line":6,"column":22},"end":{"line":6,"column":70}},"1":{"start":{"line":6,"column":44},"end":{"line":6,"column":70}},"2":{"start":{"line":7,"column":25},"end":{"line":7,"column":76}},"3":{"start":{"line":7,"column":47},"end":{"line":7,"column":76}},"4":{"start":{"line":8,"column":26},"end":{"line":8,"column":78}},"5":{"start":{"line":8,"column":48},"end":{"line":8,"column":78}},"6":{"start":{"line":10,"column":43},"end":{"line":15,"column":1}},"7":{"start":{"line":13,"column":4},"end":{"line":13,"column":71}}},"fnMap":{"0":{"name":"(anonymous_0)","decl":{"start":{"line":6,"column":22},"end":{"line":6,"column":23}},"loc":{"start":{"line":6,"column":44},"end":{"line":6,"column":70}},"line":6},"1":{"name":"(anonymous_1)","decl":{"start":{"line":7,"column":25},"end":{"line":7,"column":26}},"loc":{"start":{"line":7,"column":47},"end":{"line":7,"column":76}},"line":7},"2":{"name":"(anonymous_2)","decl":{"start":{"line":8,"column":26},"end":{"line":8,"column":27}},"loc":{"start":{"line":8,"column":48},"end":{"line":8,"column":78}},"line":8},"3":{"name":"(anonymous_3)","decl":{"start":{"line":12,"column":2},"end":{"line":12,"column":3}},"loc":{"start":{"line":12,"column":40},"end":{"line":14,"column":3}},"line":12}},"branchMap":{},"s":{"0":0,"1":0,"2":0,"3":0,"4":0,"5":0,"6":0,"7":0},"f":{"0":0,"1":0,"2":0,"3":0},"b":{}}
,"/Users/martinlutern/flip-trx/redux/transactions/thunks/transactionsThunks.ts": {"path":"/Users/martinlutern/flip-trx/redux/transactions/thunks/transactionsThunks.ts","statementMap":{"0":{"start":{"line":8,"column":33},"end":{"line":24,"column":2}},"1":{"start":{"line":13,"column":2},"end":{"line":23,"column":3}},"2":{"start":{"line":14,"column":21},"end":{"line":16,"column":35}},"3":{"start":{"line":17,"column":4},"end":{"line":17,"column":71}},"4":{"start":{"line":17,"column":53},"end":{"line":17,"column":68}},"5":{"start":{"line":19,"column":18},"end":{"line":19,"column":35}},"6":{"start":{"line":20,"column":4},"end":{"line":22,"column":6}}},"fnMap":{"0":{"name":"(anonymous_0)","decl":{"start":{"line":12,"column":36},"end":{"line":12,"column":37}},"loc":{"start":{"line":12,"column":70},"end":{"line":24,"column":1}},"line":12},"1":{"name":"(anonymous_1)","decl":{"start":{"line":17,"column":36},"end":{"line":17,"column":37}},"loc":{"start":{"line":17,"column":53},"end":{"line":17,"column":68}},"line":17}},"branchMap":{"0":{"loc":{"start":{"line":16,"column":6},"end":{"line":16,"column":34}},"type":"binary-expr","locations":[{"start":{"line":16,"column":6},"end":{"line":16,"column":28}},{"start":{"line":16,"column":32},"end":{"line":16,"column":34}}],"line":16},"1":{"loc":{"start":{"line":21,"column":6},"end":{"line":21,"column":75}},"type":"binary-expr","locations":[{"start":{"line":21,"column":6},"end":{"line":21,"column":26}},{"start":{"line":21,"column":30},"end":{"line":21,"column":43}},{"start":{"line":21,"column":47},"end":{"line":21,"column":75}}],"line":21}},"s":{"0":0,"1":0,"2":0,"3":0,"4":0,"5":0,"6":0},"f":{"0":0,"1":0},"b":{"0":[0,0],"1":[0,0,0]}}
,"/Users/martinlutern/flip-trx/redux/transactions/types/transactionsTypes.ts": {"path":"/Users/martinlutern/flip-trx/redux/transactions/types/transactionsTypes.ts","statementMap":{"0":{"start":{"line":32,"column":32},"end":{"line":38,"column":10}}},"fnMap":{},"branchMap":{},"s":{"0":0},"f":{},"b":{}}
,"/Users/martinlutern/flip-trx/themes/color.ts": {"path":"/Users/martinlutern/flip-trx/themes/color.ts","statementMap":{"0":{"start":{"line":1,"column":27},"end":{"line":20,"column":1}},"1":{"start":{"line":22,"column":26},"end":{"line":41,"column":1}}},"fnMap":{},"branchMap":{},"s":{"0":0,"1":0},"f":{},"b":{}}
,"/Users/martinlutern/flip-trx/themes/index.ts": {"path":"/Users/martinlutern/flip-trx/themes/index.ts","statementMap":{},"fnMap":{},"branchMap":{},"s":{},"f":{},"b":{}}
,"/Users/martinlutern/flip-trx/themes/theme.ts": {"path":"/Users/martinlutern/flip-trx/themes/theme.ts","statementMap":{"0":{"start":{"line":4,"column":34},"end":{"line":13,"column":2}},"1":{"start":{"line":4,"column":63},"end":{"line":13,"column":1}}},"fnMap":{"0":{"name":"(anonymous_0)","decl":{"start":{"line":4,"column":34},"end":{"line":4,"column":35}},"loc":{"start":{"line":4,"column":63},"end":{"line":13,"column":1}},"line":4}},"branchMap":{"0":{"loc":{"start":{"line":5,"column":6},"end":{"line":5,"column":39}},"type":"cond-expr","locations":[{"start":{"line":5,"column":15},"end":{"line":5,"column":24}},{"start":{"line":5,"column":27},"end":{"line":5,"column":39}}],"line":5},"1":{"loc":{"start":{"line":7,"column":8},"end":{"line":7,"column":55}},"type":"cond-expr","locations":[{"start":{"line":7,"column":17},"end":{"line":7,"column":33}},{"start":{"line":7,"column":36},"end":{"line":7,"column":55}}],"line":7},"2":{"loc":{"start":{"line":8,"column":16},"end":{"line":8,"column":73}},"type":"cond-expr","locations":[{"start":{"line":8,"column":25},"end":{"line":8,"column":47}},{"start":{"line":8,"column":50},"end":{"line":8,"column":73}}],"line":8},"3":{"loc":{"start":{"line":9,"column":10},"end":{"line":9,"column":69}},"type":"cond-expr","locations":[{"start":{"line":9,"column":19},"end":{"line":9,"column":42}},{"start":{"line":9,"column":45},"end":{"line":9,"column":69}}],"line":9},"4":{"loc":{"start":{"line":10,"column":13},"end":{"line":10,"column":74}},"type":"cond-expr","locations":[{"start":{"line":10,"column":22},"end":{"line":10,"column":46}},{"start":{"line":10,"column":49},"end":{"line":10,"column":74}}],"line":10},"5":{"loc":{"start":{"line":11,"column":12},"end":{"line":11,"column":61}},"type":"cond-expr","locations":[{"start":{"line":11,"column":21},"end":{"line":11,"column":39}},{"start":{"line":11,"column":42},"end":{"line":11,"column":61}}],"line":11}},"s":{"0":0,"1":0},"f":{"0":0},"b":{"0":[0,0],"1":[0,0],"2":[0,0],"3":[0,0],"4":[0,0],"5":[0,0]}}
,"/Users/martinlutern/flip-trx/utils/index.ts": {"path":"/Users/martinlutern/flip-trx/utils/index.ts","statementMap":{},"fnMap":{},"branchMap":{},"s":{},"f":{},"b":{},"_coverageSchema":"1a1c01bbd47fc00a2c39e90264f33305004495a9","hash":"0fe240f0722ce30ed71f9afb5fb942616da63ce6"}
,"/Users/martinlutern/flip-trx/utils/sortHelper.ts": {"path":"/Users/martinlutern/flip-trx/utils/sortHelper.ts","statementMap":{"0":{"start":{"line":4,"column":34},"end":{"line":12,"column":1}},"1":{"start":{"line":8,"column":2},"end":{"line":10,"column":3}},"2":{"start":{"line":9,"column":4},"end":{"line":9,"column":40}},"3":{"start":{"line":11,"column":2},"end":{"line":11,"column":88}},"4":{"start":{"line":11,"column":30},"end":{"line":11,"column":51}}},"fnMap":{"0":{"name":"(anonymous_0)","decl":{"start":{"line":4,"column":34},"end":{"line":4,"column":35}},"loc":{"start":{"line":7,"column":13},"end":{"line":12,"column":1}},"line":7},"1":{"name":"(anonymous_1)","decl":{"start":{"line":11,"column":22},"end":{"line":11,"column":23}},"loc":{"start":{"line":11,"column":30},"end":{"line":11,"column":51}},"line":11}},"branchMap":{"0":{"loc":{"start":{"line":8,"column":2},"end":{"line":10,"column":3}},"type":"if","locations":[{"start":{"line":8,"column":2},"end":{"line":10,"column":3}},{"start":{},"end":{}}],"line":8},"1":{"loc":{"start":{"line":11,"column":9},"end":{"line":11,"column":87}},"type":"binary-expr","locations":[{"start":{"line":11,"column":9},"end":{"line":11,"column":59}},{"start":{"line":11,"column":63},"end":{"line":11,"column":87}}],"line":11}},"s":{"0":4,"1":3,"2":0,"3":3,"4":3},"f":{"0":3,"1":3},"b":{"0":[0,3],"1":[3,2]},"_coverageSchema":"1a1c01bbd47fc00a2c39e90264f33305004495a9","hash":"59778be4eaad04b35c0658f6804ce45ca79a8510"}
,"/Users/martinlutern/flip-trx/utils/transactionUtils.ts": {"path":"/Users/martinlutern/flip-trx/utils/transactionUtils.ts","statementMap":{"0":{"start":{"line":3,"column":41},"end":{"line":49,"column":1}},"1":{"start":{"line":8,"column":16},"end":{"line":8,"column":41}},"2":{"start":{"line":9,"column":20},"end":{"line":9,"column":37}},"3":{"start":{"line":11,"column":23},"end":{"line":21,"column":15}},"4":{"start":{"line":13,"column":29},"end":{"line":13,"column":58}},"5":{"start":{"line":14,"column":8},"end":{"line":19,"column":49}},"6":{"start":{"line":19,"column":26},"end":{"line":19,"column":47}},"7":{"start":{"line":23,"column":2},"end":{"line":48,"column":3}},"8":{"start":{"line":25,"column":6},"end":{"line":27,"column":78}},"9":{"start":{"line":27,"column":24},"end":{"line":27,"column":76}},"10":{"start":{"line":29,"column":6},"end":{"line":31,"column":78}},"11":{"start":{"line":31,"column":24},"end":{"line":31,"column":76}},"12":{"start":{"line":33,"column":6},"end":{"line":38,"column":10}},"13":{"start":{"line":37,"column":12},"end":{"line":37,"column":79}},"14":{"start":{"line":40,"column":6},"end":{"line":45,"column":10}},"15":{"start":{"line":44,"column":12},"end":{"line":44,"column":79}},"16":{"start":{"line":47,"column":6},"end":{"line":47,"column":26}}},"fnMap":{"0":{"name":"(anonymous_0)","decl":{"start":{"line":3,"column":41},"end":{"line":3,"column":42}},"loc":{"start":{"line":7,"column":20},"end":{"line":49,"column":1}},"line":7},"1":{"name":"(anonymous_1)","decl":{"start":{"line":12,"column":18},"end":{"line":12,"column":19}},"loc":{"start":{"line":12,"column":35},"end":{"line":20,"column":7}},"line":12},"2":{"name":"(anonymous_2)","decl":{"start":{"line":19,"column":15},"end":{"line":19,"column":16}},"loc":{"start":{"line":19,"column":26},"end":{"line":19,"column":47}},"line":19},"3":{"name":"(anonymous_3)","decl":{"start":{"line":27,"column":14},"end":{"line":27,"column":15}},"loc":{"start":{"line":27,"column":24},"end":{"line":27,"column":76}},"line":27},"4":{"name":"(anonymous_4)","decl":{"start":{"line":31,"column":14},"end":{"line":31,"column":15}},"loc":{"start":{"line":31,"column":24},"end":{"line":31,"column":76}},"line":31},"5":{"name":"(anonymous_5)","decl":{"start":{"line":36,"column":10},"end":{"line":36,"column":11}},"loc":{"start":{"line":37,"column":12},"end":{"line":37,"column":79}},"line":37},"6":{"name":"(anonymous_6)","decl":{"start":{"line":43,"column":10},"end":{"line":43,"column":11}},"loc":{"start":{"line":44,"column":12},"end":{"line":44,"column":79}},"line":44}},"branchMap":{"0":{"loc":{"start":{"line":11,"column":23},"end":{"line":21,"column":15}},"type":"cond-expr","locations":[{"start":{"line":12,"column":6},"end":{"line":20,"column":8}},{"start":{"line":21,"column":6},"end":{"line":21,"column":15}}],"line":11},"1":{"loc":{"start":{"line":23,"column":2},"end":{"line":48,"column":3}},"type":"switch","locations":[{"start":{"line":24,"column":4},"end":{"line":27,"column":78}},{"start":{"line":28,"column":4},"end":{"line":31,"column":78}},{"start":{"line":32,"column":4},"end":{"line":38,"column":10}},{"start":{"line":39,"column":4},"end":{"line":45,"column":10}},{"start":{"line":46,"column":4},"end":{"line":47,"column":26}}],"line":23}},"s":{"0":4,"1":9,"2":9,"3":9,"4":9,"5":9,"6":27,"7":9,"8":2,"9":4,"10":1,"11":2,"12":4,"13":4,"14":1,"15":2,"16":1},"f":{"0":9,"1":9,"2":27,"3":4,"4":2,"5":4,"6":2},"b":{"0":[3,6],"1":[2,1,4,1,1]},"_coverageSchema":"1a1c01bbd47fc00a2c39e90264f33305004495a9","hash":"d634a49d71b8f3fa4fbb09a3b88130e8eabfb7aa"}
,"/Users/martinlutern/flip-trx/utils/formatter/bankFormatter.ts": {"path":"/Users/martinlutern/flip-trx/utils/formatter/bankFormatter.ts","statementMap":{"0":{"start":{"line":1,"column":30},"end":{"line":9,"column":1}},"1":{"start":{"line":2,"column":2},"end":{"line":2,"column":23}},"2":{"start":{"line":2,"column":13},"end":{"line":2,"column":23}},"3":{"start":{"line":4,"column":2},"end":{"line":8,"column":3}},"4":{"start":{"line":5,"column":4},"end":{"line":5,"column":30}},"5":{"start":{"line":7,"column":4},"end":{"line":7,"column":70}}},"fnMap":{"0":{"name":"(anonymous_0)","decl":{"start":{"line":1,"column":30},"end":{"line":1,"column":31}},"loc":{"start":{"line":1,"column":48},"end":{"line":9,"column":1}},"line":1}},"branchMap":{"0":{"loc":{"start":{"line":2,"column":2},"end":{"line":2,"column":23}},"type":"if","locations":[{"start":{"line":2,"column":2},"end":{"line":2,"column":23}},{"start":{},"end":{}}],"line":2},"1":{"loc":{"start":{"line":4,"column":2},"end":{"line":8,"column":3}},"type":"if","locations":[{"start":{"line":4,"column":2},"end":{"line":8,"column":3}},{"start":{"line":6,"column":9},"end":{"line":8,"column":3}}],"line":4}},"s":{"0":3,"1":11,"2":3,"3":8,"4":3,"5":5},"f":{"0":11},"b":{"0":[3,8],"1":[3,5]},"_coverageSchema":"1a1c01bbd47fc00a2c39e90264f33305004495a9","hash":"60aaf19c72f62aa3aaa7013b77bf116ed9ca4ea2"}
,"/Users/martinlutern/flip-trx/utils/formatter/currencyFormatter.ts": {"path":"/Users/martinlutern/flip-trx/utils/formatter/currencyFormatter.ts","statementMap":{"0":{"start":{"line":1,"column":30},"end":{"line":3,"column":1}},"1":{"start":{"line":2,"column":2},"end":{"line":2,"column":54}}},"fnMap":{"0":{"name":"(anonymous_0)","decl":{"start":{"line":1,"column":30},"end":{"line":1,"column":31}},"loc":{"start":{"line":1,"column":59},"end":{"line":3,"column":1}},"line":1}},"branchMap":{"0":{"loc":{"start":{"line":2,"column":15},"end":{"line":2,"column":26}},"type":"binary-expr","locations":[{"start":{"line":2,"column":15},"end":{"line":2,"column":21}},{"start":{"line":2,"column":25},"end":{"line":2,"column":26}}],"line":2}},"s":{"0":4,"1":6},"f":{"0":6},"b":{"0":[6,2]},"_coverageSchema":"1a1c01bbd47fc00a2c39e90264f33305004495a9","hash":"d4bdd7aff4e99635264026ecf56a50595799d555"}
,"/Users/martinlutern/flip-trx/utils/formatter/dateFormatter.ts": {"path":"/Users/martinlutern/flip-trx/utils/formatter/dateFormatter.ts","statementMap":{"0":{"start":{"line":10,"column":4},"end":{"line":10,"column":19}},"1":{"start":{"line":11,"column":4},"end":{"line":11,"column":34}},"2":{"start":{"line":15,"column":36},"end":{"line":92,"column":1}},"3":{"start":{"line":19,"column":2},"end":{"line":91,"column":3}},"4":{"start":{"line":20,"column":4},"end":{"line":22,"column":5}},"5":{"start":{"line":21,"column":6},"end":{"line":21,"column":73}},"6":{"start":{"line":24,"column":24},"end":{"line":24,"column":34}},"7":{"start":{"line":25,"column":4},"end":{"line":27,"column":5}},"8":{"start":{"line":26,"column":6},"end":{"line":26,"column":54}},"9":{"start":{"line":28,"column":4},"end":{"line":30,"column":5}},"10":{"start":{"line":29,"column":6},"end":{"line":29,"column":27}},"11":{"start":{"line":32,"column":23},"end":{"line":32,"column":46}},"12":{"start":{"line":34,"column":4},"end":{"line":36,"column":5}},"13":{"start":{"line":35,"column":6},"end":{"line":35,"column":69}},"14":{"start":{"line":39,"column":6},"end":{"line":39,"column":74}},"15":{"start":{"line":41,"column":25},"end":{"line":41,"column":79}},"16":{"start":{"line":42,"column":25},"end":{"line":42,"column":47}},"17":{"start":{"line":44,"column":28},"end":{"line":57,"column":5}},"18":{"start":{"line":59,"column":24},"end":{"line":59,"column":49}},"19":{"start":{"line":60,"column":31},"end":{"line":60,"column":57}},"20":{"start":{"line":61,"column":25},"end":{"line":61,"column":54}},"21":{"start":{"line":63,"column":4},"end":{"line":67,"column":5}},"22":{"start":{"line":64,"column":6},"end":{"line":66,"column":8}},"23":{"start":{"line":69,"column":24},"end":{"line":69,"column":61}},"24":{"start":{"line":71,"column":4},"end":{"line":81,"column":5}},"25":{"start":{"line":72,"column":28},"end":{"line":75,"column":25}},"26":{"start":{"line":76,"column":30},"end":{"line":79,"column":25}},"27":{"start":{"line":80,"column":6},"end":{"line":80,"column":46}},"28":{"start":{"line":83,"column":4},"end":{"line":83,"column":25}},"29":{"start":{"line":85,"column":4},"end":{"line":88,"column":5}},"30":{"start":{"line":86,"column":6},"end":{"line":86,"column":58}},"31":{"start":{"line":87,"column":6},"end":{"line":87,"column":17}},"32":{"start":{"line":89,"column":4},"end":{"line":89,"column":44}},"33":{"start":{"line":90,"column":4},"end":{"line":90,"column":15}}},"fnMap":{"0":{"name":"(anonymous_0)","decl":{"start":{"line":9,"column":2},"end":{"line":9,"column":3}},"loc":{"start":{"line":9,"column":31},"end":{"line":12,"column":3}},"line":9},"1":{"name":"(anonymous_1)","decl":{"start":{"line":15,"column":36},"end":{"line":15,"column":37}},"loc":{"start":{"line":18,"column":13},"end":{"line":92,"column":1}},"line":18}},"branchMap":{"0":{"loc":{"start":{"line":17,"column":2},"end":{"line":17,"column":37}},"type":"default-arg","locations":[{"start":{"line":17,"column":35},"end":{"line":17,"column":37}}],"line":17},"1":{"loc":{"start":{"line":20,"column":4},"end":{"line":22,"column":5}},"type":"if","locations":[{"start":{"line":20,"column":4},"end":{"line":22,"column":5}},{"start":{},"end":{}}],"line":20},"2":{"loc":{"start":{"line":20,"column":8},"end":{"line":20,"column":53}},"type":"binary-expr","locations":[{"start":{"line":20,"column":8},"end":{"line":20,"column":19}},{"start":{"line":20,"column":23},"end":{"line":20,"column":53}}],"line":20},"3":{"loc":{"start":{"line":25,"column":4},"end":{"line":27,"column":5}},"type":"if","locations":[{"start":{"line":25,"column":4},"end":{"line":27,"column":5}},{"start":{},"end":{}}],"line":25},"4":{"loc":{"start":{"line":28,"column":4},"end":{"line":30,"column":5}},"type":"if","locations":[{"start":{"line":28,"column":4},"end":{"line":30,"column":5}},{"start":{},"end":{}}],"line":28},"5":{"loc":{"start":{"line":28,"column":8},"end":{"line":28,"column":68}},"type":"binary-expr","locations":[{"start":{"line":28,"column":8},"end":{"line":28,"column":36}},{"start":{"line":28,"column":40},"end":{"line":28,"column":68}}],"line":28},"6":{"loc":{"start":{"line":34,"column":4},"end":{"line":36,"column":5}},"type":"if","locations":[{"start":{"line":34,"column":4},"end":{"line":36,"column":5}},{"start":{},"end":{}}],"line":34},"7":{"loc":{"start":{"line":39,"column":6},"end":{"line":39,"column":74}},"type":"cond-expr","locations":[{"start":{"line":39,"column":36},"end":{"line":39,"column":37}},{"start":{"line":39,"column":40},"end":{"line":39,"column":74}}],"line":39},"8":{"loc":{"start":{"line":39,"column":40},"end":{"line":39,"column":74}},"type":"cond-expr","locations":[{"start":{"line":39,"column":69},"end":{"line":39,"column":70}},{"start":{"line":39,"column":73},"end":{"line":39,"column":74}}],"line":39},"9":{"loc":{"start":{"line":63,"column":4},"end":{"line":67,"column":5}},"type":"if","locations":[{"start":{"line":63,"column":4},"end":{"line":67,"column":5}},{"start":{},"end":{}}],"line":63},"10":{"loc":{"start":{"line":63,"column":8},"end":{"line":63,"column":41}},"type":"binary-expr","locations":[{"start":{"line":63,"column":8},"end":{"line":63,"column":22}},{"start":{"line":63,"column":26},"end":{"line":63,"column":41}}],"line":63},"11":{"loc":{"start":{"line":71,"column":4},"end":{"line":81,"column":5}},"type":"if","locations":[{"start":{"line":71,"column":4},"end":{"line":81,"column":5}},{"start":{},"end":{}}],"line":71},"12":{"loc":{"start":{"line":85,"column":4},"end":{"line":88,"column":5}},"type":"if","locations":[{"start":{"line":85,"column":4},"end":{"line":88,"column":5}},{"start":{},"end":{}}],"line":85}},"s":{"0":3,"1":3,"2":3,"3":12,"4":12,"5":2,"6":10,"7":10,"8":5,"9":10,"10":5,"11":10,"12":10,"13":1,"14":9,"15":9,"16":9,"17":9,"18":9,"19":9,"20":9,"21":9,"22":0,"23":9,"24":9,"25":2,"26":2,"27":2,"28":9,"29":3,"30":3,"31":3,"32":0,"33":0},"f":{"0":3,"1":12},"b":{"0":[7],"1":[2,10],"2":[12,11],"3":[5,5],"4":[5,5],"5":[10,5],"6":[1,9],"7":[1,8],"8":[1,7],"9":[0,9],"10":[9,9],"11":[2,7],"12":[3,0]},"_coverageSchema":"1a1c01bbd47fc00a2c39e90264f33305004495a9","hash":"2db8590d12f080e66d8ea3bff23eb52950d1360f"}
,"/Users/martinlutern/flip-trx/utils/formatter/statusFormatter.ts": {"path":"/Users/martinlutern/flip-trx/utils/formatter/statusFormatter.ts","statementMap":{"0":{"start":{"line":5,"column":31},"end":{"line":71,"column":1}},"1":{"start":{"line":7,"column":24},"end":{"line":7,"column":44}},"2":{"start":{"line":8,"column":4},"end":{"line":17,"column":5}},"3":{"start":{"line":10,"column":8},"end":{"line":10,"column":38}},"4":{"start":{"line":12,"column":8},"end":{"line":12,"column":38}},"5":{"start":{"line":14,"column":8},"end":{"line":14,"column":37}},"6":{"start":{"line":16,"column":8},"end":{"line":16,"column":27}},"7":{"start":{"line":21,"column":4},"end":{"line":30,"column":5}},"8":{"start":{"line":23,"column":8},"end":{"line":23,"column":25}},"9":{"start":{"line":25,"column":8},"end":{"line":25,"column":25}},"10":{"start":{"line":27,"column":8},"end":{"line":27,"column":25}},"11":{"start":{"line":29,"column":8},"end":{"line":29,"column":25}},"12":{"start":{"line":34,"column":4},"end":{"line":43,"column":5}},"13":{"start":{"line":36,"column":8},"end":{"line":36,"column":29}},"14":{"start":{"line":38,"column":8},"end":{"line":38,"column":25}},"15":{"start":{"line":40,"column":8},"end":{"line":40,"column":25}},"16":{"start":{"line":42,"column":8},"end":{"line":42,"column":29}},"17":{"start":{"line":47,"column":4},"end":{"line":56,"column":5}},"18":{"start":{"line":49,"column":8},"end":{"line":49,"column":25}},"19":{"start":{"line":51,"column":8},"end":{"line":51,"column":29}},"20":{"start":{"line":53,"column":8},"end":{"line":53,"column":29}},"21":{"start":{"line":55,"column":8},"end":{"line":55,"column":29}},"22":{"start":{"line":60,"column":4},"end":{"line":69,"column":5}},"23":{"start":{"line":62,"column":8},"end":{"line":62,"column":25}},"24":{"start":{"line":64,"column":8},"end":{"line":64,"column":25}},"25":{"start":{"line":66,"column":8},"end":{"line":66,"column":25}},"26":{"start":{"line":68,"column":8},"end":{"line":68,"column":25}}},"fnMap":{"0":{"name":"(anonymous_0)","decl":{"start":{"line":6,"column":13},"end":{"line":6,"column":14}},"loc":{"start":{"line":6,"column":41},"end":{"line":18,"column":3}},"line":6},"1":{"name":"(anonymous_1)","decl":{"start":{"line":20,"column":17},"end":{"line":20,"column":18}},"loc":{"start":{"line":20,"column":45},"end":{"line":31,"column":3}},"line":20},"2":{"name":"(anonymous_2)","decl":{"start":{"line":33,"column":22},"end":{"line":33,"column":23}},"loc":{"start":{"line":33,"column":50},"end":{"line":44,"column":3}},"line":33},"3":{"name":"(anonymous_3)","decl":{"start":{"line":46,"column":18},"end":{"line":46,"column":19}},"loc":{"start":{"line":46,"column":46},"end":{"line":57,"column":3}},"line":46},"4":{"name":"(anonymous_4)","decl":{"start":{"line":59,"column":16},"end":{"line":59,"column":17}},"loc":{"start":{"line":59,"column":44},"end":{"line":70,"column":3}},"line":59}},"branchMap":{"0":{"loc":{"start":{"line":8,"column":4},"end":{"line":17,"column":5}},"type":"switch","locations":[{"start":{"line":9,"column":6},"end":{"line":10,"column":38}},{"start":{"line":11,"column":6},"end":{"line":12,"column":38}},{"start":{"line":13,"column":6},"end":{"line":14,"column":37}},{"start":{"line":15,"column":6},"end":{"line":16,"column":27}}],"line":8},"1":{"loc":{"start":{"line":21,"column":4},"end":{"line":30,"column":5}},"type":"switch","locations":[{"start":{"line":22,"column":6},"end":{"line":23,"column":25}},{"start":{"line":24,"column":6},"end":{"line":25,"column":25}},{"start":{"line":26,"column":6},"end":{"line":27,"column":25}},{"start":{"line":28,"column":6},"end":{"line":29,"column":25}}],"line":21},"2":{"loc":{"start":{"line":34,"column":4},"end":{"line":43,"column":5}},"type":"switch","locations":[{"start":{"line":35,"column":6},"end":{"line":36,"column":29}},{"start":{"line":37,"column":6},"end":{"line":38,"column":25}},{"start":{"line":39,"column":6},"end":{"line":40,"column":25}},{"start":{"line":41,"column":6},"end":{"line":42,"column":29}}],"line":34},"3":{"loc":{"start":{"line":47,"column":4},"end":{"line":56,"column":5}},"type":"switch","locations":[{"start":{"line":48,"column":6},"end":{"line":49,"column":25}},{"start":{"line":50,"column":6},"end":{"line":51,"column":29}},{"start":{"line":52,"column":6},"end":{"line":53,"column":29}},{"start":{"line":54,"column":6},"end":{"line":55,"column":29}}],"line":47},"4":{"loc":{"start":{"line":60,"column":4},"end":{"line":69,"column":5}},"type":"switch","locations":[{"start":{"line":61,"column":6},"end":{"line":62,"column":25}},{"start":{"line":63,"column":6},"end":{"line":64,"column":25}},{"start":{"line":65,"column":6},"end":{"line":66,"column":25}},{"start":{"line":67,"column":6},"end":{"line":68,"column":25}}],"line":60}},"s":{"0":3,"1":8,"2":8,"3":2,"4":2,"5":2,"6":2,"7":4,"8":1,"9":1,"10":1,"11":1,"12":4,"13":1,"14":1,"15":1,"16":1,"17":4,"18":1,"19":1,"20":1,"21":1,"22":4,"23":1,"24":1,"25":1,"26":1},"f":{"0":8,"1":4,"2":4,"3":4,"4":4},"b":{"0":[2,2,2,2],"1":[1,1,1,1],"2":[1,1,1,1],"3":[1,1,1,1],"4":[1,1,1,1]},"_coverageSchema":"1a1c01bbd47fc00a2c39e90264f33305004495a9","hash":"7253a3c6eb7d0339c4f0ab24a71ea0bb9ecce112"}
}
