{"/Users/martinlutern/flip-trx/app/[id].tsx": {"path":"/Users/martinlutern/flip-trx/app/[id].tsx","statementMap":{"0":{"start":{"line":11,"column":17},"end":{"line":11,"column":39}},"1":{"start":{"line":12,"column":17},"end":{"line":12,"column":28}},"2":{"start":{"line":13,"column":22},"end":{"line":15,"column":3}},"3":{"start":{"line":14,"column":12},"end":{"line":14,"column":36}},"4":{"start":{"line":17,"column":26},"end":{"line":21,"column":19}},"5":{"start":{"line":18,"column":4},"end":{"line":18,"column":29}},"6":{"start":{"line":18,"column":22},"end":{"line":18,"column":29}},"7":{"start":{"line":19,"column":4},"end":{"line":19,"column":45}},"8":{"start":{"line":20,"column":4},"end":{"line":20,"column":57}},"9":{"start":{"line":23,"column":24},"end":{"line":30,"column":31}},"10":{"start":{"line":24,"column":4},"end":{"line":24,"column":44}},"11":{"start":{"line":24,"column":34},"end":{"line":24,"column":44}},"12":{"start":{"line":25,"column":4},"end":{"line":29,"column":7}},"13":{"start":{"line":32,"column":2},"end":{"line":38,"column":3}},"14":{"start":{"line":33,"column":4},"end":{"line":37,"column":6}},"15":{"start":{"line":40,"column":2},"end":{"line":88,"column":4}},"16":{"start":{"line":91,"column":18},"end":{"line":114,"column":1}},"17":{"start":{"line":102,"column":2},"end":{"line":113,"column":9}},"18":{"start":{"line":116,"column":15},"end":{"line":194,"column":2}}},"fnMap":{"0":{"name":"DetailPage","decl":{"start":{"line":10,"column":24},"end":{"line":10,"column":34}},"loc":{"start":{"line":10,"column":37},"end":{"line":89,"column":1}},"line":10},"1":{"name":"(anonymous_1)","decl":{"start":{"line":14,"column":4},"end":{"line":14,"column":5}},"loc":{"start":{"line":14,"column":12},"end":{"line":14,"column":36}},"line":14},"2":{"name":"(anonymous_2)","decl":{"start":{"line":17,"column":38},"end":{"line":17,"column":39}},"loc":{"start":{"line":17,"column":44},"end":{"line":21,"column":3}},"line":17},"3":{"name":"(anonymous_3)","decl":{"start":{"line":23,"column":32},"end":{"line":23,"column":33}},"loc":{"start":{"line":23,"column":38},"end":{"line":30,"column":3}},"line":23},"4":{"name":"(anonymous_4)","decl":{"start":{"line":91,"column":18},"end":{"line":91,"column":19}},"loc":{"start":{"line":102,"column":2},"end":{"line":113,"column":9}},"line":102}},"branchMap":{"0":{"loc":{"start":{"line":18,"column":4},"end":{"line":18,"column":29}},"type":"if","locations":[{"start":{"line":18,"column":4},"end":{"line":18,"column":29}},{"start":{},"end":{}}],"line":18},"1":{"loc":{"start":{"line":24,"column":4},"end":{"line":24,"column":44}},"type":"if","locations":[{"start":{"line":24,"column":4},"end":{"line":24,"column":44}},{"start":{},"end":{}}],"line":24},"2":{"loc":{"start":{"line":32,"column":2},"end":{"line":38,"column":3}},"type":"if","locations":[{"start":{"line":32,"column":2},"end":{"line":38,"column":3}},{"start":{},"end":{}}],"line":32},"3":{"loc":{"start":{"line":107,"column":5},"end":{"line":112,"column":5}},"type":"binary-expr","locations":[{"start":{"line":107,"column":5},"end":{"line":107,"column":15}},{"start":{"line":108,"column":6},"end":{"line":111,"column":13}}],"line":107}},"s":{"0":0,"1":0,"2":0,"3":0,"4":0,"5":0,"6":0,"7":0,"8":0,"9":0,"10":0,"11":0,"12":0,"13":0,"14":0,"15":0,"16":0,"17":0,"18":0},"f":{"0":0,"1":0,"2":0,"3":0,"4":0},"b":{"0":[0,0],"1":[0,0],"2":[0,0],"3":[0,0]}}
,"/Users/martinlutern/flip-trx/app/_layout.tsx": {"path":"/Users/martinlutern/flip-trx/app/_layout.tsx","statementMap":{"0":{"start":{"line":11,"column":0},"end":{"line":11,"column":36}},"1":{"start":{"line":14,"column":35},"end":{"line":16,"column":4}},"2":{"start":{"line":18,"column":31},"end":{"line":22,"column":30}},"3":{"start":{"line":19,"column":4},"end":{"line":21,"column":5}},"4":{"start":{"line":20,"column":6},"end":{"line":20,"column":37}},"5":{"start":{"line":24,"column":2},"end":{"line":26,"column":29}},"6":{"start":{"line":25,"column":4},"end":{"line":25,"column":27}},"7":{"start":{"line":28,"column":24},"end":{"line":35,"column":3}},"8":{"start":{"line":29,"column":11},"end":{"line":33,"column":5}},"9":{"start":{"line":37,"column":2},"end":{"line":43,"column":3}},"10":{"start":{"line":38,"column":4},"end":{"line":42,"column":6}},"11":{"start":{"line":45,"column":2},"end":{"line":66,"column":4}}},"fnMap":{"0":{"name":"RootLayout","decl":{"start":{"line":13,"column":24},"end":{"line":13,"column":34}},"loc":{"start":{"line":13,"column":37},"end":{"line":67,"column":1}},"line":13},"1":{"name":"(anonymous_1)","decl":{"start":{"line":18,"column":43},"end":{"line":18,"column":44}},"loc":{"start":{"line":18,"column":55},"end":{"line":22,"column":3}},"line":18},"2":{"name":"(anonymous_2)","decl":{"start":{"line":24,"column":12},"end":{"line":24,"column":13}},"loc":{"start":{"line":24,"column":18},"end":{"line":26,"column":3}},"line":24},"3":{"name":"(anonymous_3)","decl":{"start":{"line":29,"column":4},"end":{"line":29,"column":5}},"loc":{"start":{"line":29,"column":11},"end":{"line":33,"column":5}},"line":29}},"branchMap":{"0":{"loc":{"start":{"line":19,"column":4},"end":{"line":21,"column":5}},"type":"if","locations":[{"start":{"line":19,"column":4},"end":{"line":21,"column":5}},{"start":{},"end":{}}],"line":19},"1":{"loc":{"start":{"line":19,"column":8},"end":{"line":19,"column":32}},"type":"binary-expr","locations":[{"start":{"line":19,"column":8},"end":{"line":19,"column":19}},{"start":{"line":19,"column":23},"end":{"line":19,"column":32}}],"line":19},"2":{"loc":{"start":{"line":37,"column":2},"end":{"line":43,"column":3}},"type":"if","locations":[{"start":{"line":37,"column":2},"end":{"line":43,"column":3}},{"start":{},"end":{}}],"line":37},"3":{"loc":{"start":{"line":37,"column":6},"end":{"line":37,"column":32}},"type":"binary-expr","locations":[{"start":{"line":37,"column":6},"end":{"line":37,"column":18}},{"start":{"line":37,"column":22},"end":{"line":37,"column":32}}],"line":37}},"s":{"0":0,"1":0,"2":0,"3":0,"4":0,"5":0,"6":0,"7":0,"8":0,"9":0,"10":0,"11":0},"f":{"0":0,"1":0,"2":0,"3":0},"b":{"0":[0,0],"1":[0,0],"2":[0,0],"3":[0,0]}}
,"/Users/martinlutern/flip-trx/app/index.tsx": {"path":"/Users/martinlutern/flip-trx/app/index.tsx","statementMap":{"0":{"start":{"line":29,"column":19},"end":{"line":29,"column":45}},"1":{"start":{"line":30,"column":40},"end":{"line":39,"column":3}},"2":{"start":{"line":31,"column":27},"end":{"line":37,"column":5}},"3":{"start":{"line":40,"column":24},"end":{"line":40,"column":64}},"4":{"start":{"line":42,"column":50},"end":{"line":42,"column":62}},"5":{"start":{"line":43,"column":21},"end":{"line":43,"column":56}},"6":{"start":{"line":44,"column":38},"end":{"line":44,"column":53}},"7":{"start":{"line":45,"column":50},"end":{"line":45,"column":65}},"8":{"start":{"line":47,"column":2},"end":{"line":52,"column":17}},"9":{"start":{"line":48,"column":4},"end":{"line":48,"column":34}},"10":{"start":{"line":49,"column":4},"end":{"line":51,"column":6}},"11":{"start":{"line":50,"column":6},"end":{"line":50,"column":61}},"12":{"start":{"line":54,"column":20},"end":{"line":58,"column":16}},"13":{"start":{"line":55,"column":4},"end":{"line":55,"column":24}},"14":{"start":{"line":56,"column":4},"end":{"line":56,"column":40}},"15":{"start":{"line":57,"column":4},"end":{"line":57,"column":25}},"16":{"start":{"line":60,"column":29},"end":{"line":75,"column":3}},"17":{"start":{"line":62,"column":6},"end":{"line":62,"column":32}},"18":{"start":{"line":63,"column":6},"end":{"line":63,"column":61}},"19":{"start":{"line":65,"column":6},"end":{"line":68,"column":7}},"20":{"start":{"line":66,"column":8},"end":{"line":66,"column":37}},"21":{"start":{"line":67,"column":8},"end":{"line":67,"column":15}},"22":{"start":{"line":70,"column":6},"end":{"line":72,"column":14}},"23":{"start":{"line":71,"column":8},"end":{"line":71,"column":39}},"24":{"start":{"line":77,"column":32},"end":{"line":80,"column":3}},"25":{"start":{"line":78,"column":41},"end":{"line":78,"column":70}},"26":{"start":{"line":82,"column":2},"end":{"line":83,"column":68}},"27":{"start":{"line":83,"column":4},"end":{"line":83,"column":68}},"28":{"start":{"line":84,"column":2},"end":{"line":85,"column":60}},"29":{"start":{"line":85,"column":4},"end":{"line":85,"column":60}},"30":{"start":{"line":87,"column":2},"end":{"line":163,"column":4}},"31":{"start":{"line":108,"column":25},"end":{"line":108,"column":50}},"32":{"start":{"line":129,"column":32},"end":{"line":129,"column":39}},"33":{"start":{"line":155,"column":23},"end":{"line":155,"column":49}},"34":{"start":{"line":158,"column":10},"end":{"line":158,"column":42}},"35":{"start":{"line":159,"column":10},"end":{"line":159,"column":37}},"36":{"start":{"line":166,"column":15},"end":{"line":239,"column":2}}},"fnMap":{"0":{"name":"TransactionList","decl":{"start":{"line":28,"column":24},"end":{"line":28,"column":39}},"loc":{"start":{"line":28,"column":42},"end":{"line":164,"column":1}},"line":28},"1":{"name":"(anonymous_1)","decl":{"start":{"line":31,"column":4},"end":{"line":31,"column":5}},"loc":{"start":{"line":31,"column":27},"end":{"line":37,"column":5}},"line":31},"2":{"name":"(anonymous_2)","decl":{"start":{"line":47,"column":12},"end":{"line":47,"column":13}},"loc":{"start":{"line":47,"column":18},"end":{"line":52,"column":3}},"line":47},"3":{"name":"(anonymous_3)","decl":{"start":{"line":49,"column":11},"end":{"line":49,"column":12}},"loc":{"start":{"line":49,"column":17},"end":{"line":51,"column":5}},"line":49},"4":{"name":"(anonymous_4)","decl":{"start":{"line":54,"column":32},"end":{"line":54,"column":33}},"loc":{"start":{"line":54,"column":44},"end":{"line":58,"column":3}},"line":54},"5":{"name":"(anonymous_5)","decl":{"start":{"line":61,"column":4},"end":{"line":61,"column":5}},"loc":{"start":{"line":61,"column":22},"end":{"line":73,"column":5}},"line":61},"6":{"name":"(anonymous_6)","decl":{"start":{"line":70,"column":38},"end":{"line":70,"column":39}},"loc":{"start":{"line":70,"column":44},"end":{"line":72,"column":7}},"line":70},"7":{"name":"(anonymous_7)","decl":{"start":{"line":78,"column":4},"end":{"line":78,"column":5}},"loc":{"start":{"line":78,"column":41},"end":{"line":78,"column":70}},"line":78},"8":{"name":"(anonymous_8)","decl":{"start":{"line":108,"column":19},"end":{"line":108,"column":20}},"loc":{"start":{"line":108,"column":25},"end":{"line":108,"column":50}},"line":108},"9":{"name":"(anonymous_9)","decl":{"start":{"line":129,"column":22},"end":{"line":129,"column":23}},"loc":{"start":{"line":129,"column":32},"end":{"line":129,"column":39}},"line":129},"10":{"name":"(anonymous_10)","decl":{"start":{"line":155,"column":17},"end":{"line":155,"column":18}},"loc":{"start":{"line":155,"column":23},"end":{"line":155,"column":49}},"line":155},"11":{"name":"(anonymous_11)","decl":{"start":{"line":157,"column":18},"end":{"line":157,"column":19}},"loc":{"start":{"line":157,"column":30},"end":{"line":160,"column":9}},"line":157}},"branchMap":{"0":{"loc":{"start":{"line":50,"column":6},"end":{"line":50,"column":60}},"type":"binary-expr","locations":[{"start":{"line":50,"column":6},"end":{"line":50,"column":24}},{"start":{"line":50,"column":28},"end":{"line":50,"column":60}}],"line":50},"1":{"loc":{"start":{"line":63,"column":6},"end":{"line":63,"column":60}},"type":"binary-expr","locations":[{"start":{"line":63,"column":6},"end":{"line":63,"column":24}},{"start":{"line":63,"column":28},"end":{"line":63,"column":60}}],"line":63},"2":{"loc":{"start":{"line":65,"column":6},"end":{"line":68,"column":7}},"type":"if","locations":[{"start":{"line":65,"column":6},"end":{"line":68,"column":7}},{"start":{},"end":{}}],"line":65},"3":{"loc":{"start":{"line":82,"column":2},"end":{"line":83,"column":68}},"type":"if","locations":[{"start":{"line":82,"column":2},"end":{"line":83,"column":68}},{"start":{},"end":{}}],"line":82},"4":{"loc":{"start":{"line":84,"column":2},"end":{"line":85,"column":60}},"type":"if","locations":[{"start":{"line":84,"column":2},"end":{"line":85,"column":60}},{"start":{},"end":{}}],"line":84},"5":{"loc":{"start":{"line":114,"column":14},"end":{"line":114,"column":63}},"type":"binary-expr","locations":[{"start":{"line":114,"column":14},"end":{"line":114,"column":40}},{"start":{"line":114,"column":44},"end":{"line":114,"column":63}}],"line":114},"6":{"loc":{"start":{"line":122,"column":19},"end":{"line":122,"column":69}},"type":"cond-expr","locations":[{"start":{"line":122,"column":48},"end":{"line":122,"column":57}},{"start":{"line":122,"column":60},"end":{"line":122,"column":69}}],"line":122}},"s":{"0":0,"1":0,"2":0,"3":0,"4":0,"5":0,"6":0,"7":0,"8":0,"9":0,"10":0,"11":0,"12":0,"13":0,"14":0,"15":0,"16":0,"17":0,"18":0,"19":0,"20":0,"21":0,"22":0,"23":0,"24":0,"25":0,"26":0,"27":0,"28":0,"29":0,"30":0,"31":0,"32":0,"33":0,"34":0,"35":0,"36":0},"f":{"0":0,"1":0,"2":0,"3":0,"4":0,"5":0,"6":0,"7":0,"8":0,"9":0,"10":0,"11":0},"b":{"0":[0,0],"1":[0,0],"2":[0,0],"3":[0,0],"4":[0,0],"5":[0,0],"6":[0,0]}}
,"/Users/martinlutern/flip-trx/components/Divider/index.tsx": {"path":"/Users/martinlutern/flip-trx/components/Divider/index.tsx","statementMap":{"0":{"start":{"line":12,"column":16},"end":{"line":25,"column":2}},"1":{"start":{"line":18,"column":31},"end":{"line":22,"column":3}},"2":{"start":{"line":24,"column":2},"end":{"line":24,"column":45}}},"fnMap":{"0":{"name":"(anonymous_0)","decl":{"start":{"line":12,"column":21},"end":{"line":12,"column":22}},"loc":{"start":{"line":17,"column":20},"end":{"line":25,"column":1}},"line":17}},"branchMap":{"0":{"loc":{"start":{"line":13,"column":2},"end":{"line":13,"column":19}},"type":"default-arg","locations":[{"start":{"line":13,"column":15},"end":{"line":13,"column":19}}],"line":13},"1":{"loc":{"start":{"line":14,"column":2},"end":{"line":14,"column":15}},"type":"default-arg","locations":[{"start":{"line":14,"column":14},"end":{"line":14,"column":15}}],"line":14},"2":{"loc":{"start":{"line":15,"column":2},"end":{"line":15,"column":28}},"type":"default-arg","locations":[{"start":{"line":15,"column":10},"end":{"line":15,"column":28}}],"line":15},"3":{"loc":{"start":{"line":19,"column":5},"end":{"line":19,"column":36}},"type":"cond-expr","locations":[{"start":{"line":19,"column":18},"end":{"line":19,"column":26}},{"start":{"line":19,"column":29},"end":{"line":19,"column":36}}],"line":19},"4":{"loc":{"start":{"line":21,"column":15},"end":{"line":21,"column":48}},"type":"cond-expr","locations":[{"start":{"line":21,"column":28},"end":{"line":21,"column":37}},{"start":{"line":21,"column":40},"end":{"line":21,"column":48}}],"line":21}},"s":{"0":0,"1":0,"2":0},"f":{"0":0},"b":{"0":[0],"1":[0],"2":[0],"3":[0,0],"4":[0,0]}}
,"/Users/martinlutern/flip-trx/components/SortDialog/index.tsx": {"path":"/Users/martinlutern/flip-trx/components/SortDialog/index.tsx","statementMap":{"0":{"start":{"line":19,"column":16},"end":{"line":25,"column":10}},"1":{"start":{"line":27,"column":19},"end":{"line":64,"column":1}},"2":{"start":{"line":29,"column":31},"end":{"line":35,"column":5}},"3":{"start":{"line":31,"column":8},"end":{"line":31,"column":25}},"4":{"start":{"line":32,"column":8},"end":{"line":32,"column":18}},"5":{"start":{"line":37,"column":23},"end":{"line":46,"column":5}},"6":{"start":{"line":39,"column":8},"end":{"line":43,"column":10}},"7":{"start":{"line":48,"column":4},"end":{"line":62,"column":6}},"8":{"start":{"line":54,"column":38},"end":{"line":54,"column":46}},"9":{"start":{"line":72,"column":19},"end":{"line":90,"column":2}},"10":{"start":{"line":73,"column":22},"end":{"line":75,"column":26}},"11":{"start":{"line":74,"column":4},"end":{"line":74,"column":23}},"12":{"start":{"line":77,"column":2},"end":{"line":89,"column":4}},"13":{"start":{"line":92,"column":15},"end":{"line":133,"column":2}}},"fnMap":{"0":{"name":"(anonymous_0)","decl":{"start":{"line":28,"column":2},"end":{"line":28,"column":3}},"loc":{"start":{"line":28,"column":65},"end":{"line":63,"column":3}},"line":28},"1":{"name":"(anonymous_1)","decl":{"start":{"line":30,"column":6},"end":{"line":30,"column":7}},"loc":{"start":{"line":30,"column":30},"end":{"line":33,"column":7}},"line":30},"2":{"name":"(anonymous_2)","decl":{"start":{"line":38,"column":6},"end":{"line":38,"column":7}},"loc":{"start":{"line":39,"column":8},"end":{"line":43,"column":10}},"line":39},"3":{"name":"(anonymous_3)","decl":{"start":{"line":54,"column":28},"end":{"line":54,"column":29}},"loc":{"start":{"line":54,"column":38},"end":{"line":54,"column":46}},"line":54},"4":{"name":"(anonymous_4)","decl":{"start":{"line":72,"column":24},"end":{"line":72,"column":25}},"loc":{"start":{"line":72,"column":75},"end":{"line":90,"column":1}},"line":72},"5":{"name":"(anonymous_5)","decl":{"start":{"line":73,"column":34},"end":{"line":73,"column":35}},"loc":{"start":{"line":73,"column":40},"end":{"line":75,"column":3}},"line":73}},"branchMap":{"0":{"loc":{"start":{"line":83,"column":12},"end":{"line":83,"column":58}},"type":"binary-expr","locations":[{"start":{"line":83,"column":12},"end":{"line":83,"column":33}},{"start":{"line":83,"column":37},"end":{"line":83,"column":58}}],"line":83}},"s":{"0":0,"1":0,"2":0,"3":0,"4":0,"5":0,"6":0,"7":0,"8":0,"9":0,"10":0,"11":0,"12":0,"13":0},"f":{"0":0,"1":0,"2":0,"3":0,"4":0,"5":0},"b":{"0":[0,0]}}
,"/Users/martinlutern/flip-trx/components/Spacer/index.tsx": {"path":"/Users/martinlutern/flip-trx/components/Spacer/index.tsx","statementMap":{"0":{"start":{"line":11,"column":44},"end":{"line":17,"column":1}},"1":{"start":{"line":19,"column":38},"end":{"line":30,"column":1}},"2":{"start":{"line":23,"column":18},"end":{"line":23,"column":65}},"3":{"start":{"line":25,"column":27},"end":{"line":27,"column":3}},"4":{"start":{"line":29,"column":2},"end":{"line":29,"column":32}}},"fnMap":{"0":{"name":"(anonymous_0)","decl":{"start":{"line":19,"column":38},"end":{"line":19,"column":39}},"loc":{"start":{"line":22,"column":6},"end":{"line":30,"column":1}},"line":22}},"branchMap":{"0":{"loc":{"start":{"line":20,"column":2},"end":{"line":20,"column":17}},"type":"default-arg","locations":[{"start":{"line":20,"column":9},"end":{"line":20,"column":17}}],"line":20},"1":{"loc":{"start":{"line":21,"column":2},"end":{"line":21,"column":20}},"type":"default-arg","locations":[{"start":{"line":21,"column":15},"end":{"line":21,"column":20}}],"line":21},"2":{"loc":{"start":{"line":23,"column":18},"end":{"line":23,"column":65}},"type":"cond-expr","locations":[{"start":{"line":23,"column":45},"end":{"line":23,"column":49}},{"start":{"line":23,"column":52},"end":{"line":23,"column":65}}],"line":23},"3":{"loc":{"start":{"line":26,"column":5},"end":{"line":26,"column":36}},"type":"cond-expr","locations":[{"start":{"line":26,"column":18},"end":{"line":26,"column":25}},{"start":{"line":26,"column":28},"end":{"line":26,"column":36}}],"line":26}},"s":{"0":0,"1":0,"2":0,"3":0,"4":0},"f":{"0":0},"b":{"0":[0],"1":[0],"2":[0,0],"3":[0,0]}}
,"/Users/martinlutern/flip-trx/components/TransactionItem/index.tsx": {"path":"/Users/martinlutern/flip-trx/components/TransactionItem/index.tsx","statementMap":{"0":{"start":{"line":16,"column":47},"end":{"line":96,"column":1}},"1":{"start":{"line":26,"column":24},"end":{"line":28,"column":12}},"2":{"start":{"line":27,"column":6},"end":{"line":27,"column":48}},"3":{"start":{"line":30,"column":25},"end":{"line":37,"column":5}},"4":{"start":{"line":31,"column":13},"end":{"line":35,"column":7}},"5":{"start":{"line":39,"column":28},"end":{"line":42,"column":5}},"6":{"start":{"line":40,"column":12},"end":{"line":40,"column":49}},"7":{"start":{"line":44,"column":26},"end":{"line":47,"column":5}},"8":{"start":{"line":45,"column":12},"end":{"line":45,"column":44}},"9":{"start":{"line":49,"column":29},"end":{"line":52,"column":5}},"10":{"start":{"line":50,"column":12},"end":{"line":50,"column":45}},"11":{"start":{"line":54,"column":27},"end":{"line":63,"column":5}},"12":{"start":{"line":55,"column":12},"end":{"line":61,"column":7}},"13":{"start":{"line":65,"column":4},"end":{"line":93,"column":6}},"14":{"start":{"line":95,"column":18},"end":{"line":95,"column":37}},"15":{"start":{"line":98,"column":15},"end":{"line":153,"column":2}}},"fnMap":{"0":{"name":"(anonymous_0)","decl":{"start":{"line":17,"column":2},"end":{"line":17,"column":3}},"loc":{"start":{"line":25,"column":8},"end":{"line":94,"column":3}},"line":25},"1":{"name":"(anonymous_1)","decl":{"start":{"line":26,"column":36},"end":{"line":26,"column":37}},"loc":{"start":{"line":26,"column":42},"end":{"line":28,"column":5}},"line":26},"2":{"name":"(anonymous_2)","decl":{"start":{"line":31,"column":6},"end":{"line":31,"column":7}},"loc":{"start":{"line":31,"column":13},"end":{"line":35,"column":7}},"line":31},"3":{"name":"(anonymous_3)","decl":{"start":{"line":40,"column":6},"end":{"line":40,"column":7}},"loc":{"start":{"line":40,"column":12},"end":{"line":40,"column":49}},"line":40},"4":{"name":"(anonymous_4)","decl":{"start":{"line":45,"column":6},"end":{"line":45,"column":7}},"loc":{"start":{"line":45,"column":12},"end":{"line":45,"column":44}},"line":45},"5":{"name":"(anonymous_5)","decl":{"start":{"line":50,"column":6},"end":{"line":50,"column":7}},"loc":{"start":{"line":50,"column":12},"end":{"line":50,"column":45}},"line":50},"6":{"name":"(anonymous_6)","decl":{"start":{"line":55,"column":6},"end":{"line":55,"column":7}},"loc":{"start":{"line":55,"column":12},"end":{"line":61,"column":7}},"line":55},"7":{"name":"(anonymous_7)","decl":{"start":{"line":95,"column":2},"end":{"line":95,"column":3}},"loc":{"start":{"line":95,"column":18},"end":{"line":95,"column":37}},"line":95}},"branchMap":{},"s":{"0":0,"1":0,"2":0,"3":0,"4":0,"5":0,"6":0,"7":0,"8":0,"9":0,"10":0,"11":0,"12":0,"13":0,"14":0,"15":0},"f":{"0":0,"1":0,"2":0,"3":0,"4":0,"5":0,"6":0,"7":0},"b":{}}
,"/Users/martinlutern/flip-trx/features/transactions/transactionsSlice.ts": {"path":"/Users/martinlutern/flip-trx/features/transactions/transactionsSlice.ts","statementMap":{"0":{"start":{"line":13,"column":22},"end":{"line":13,"column":70}},"1":{"start":{"line":13,"column":44},"end":{"line":13,"column":70}},"2":{"start":{"line":14,"column":25},"end":{"line":14,"column":76}},"3":{"start":{"line":14,"column":47},"end":{"line":14,"column":76}},"4":{"start":{"line":15,"column":26},"end":{"line":15,"column":78}},"5":{"start":{"line":15,"column":48},"end":{"line":15,"column":78}},"6":{"start":{"line":17,"column":43},"end":{"line":22,"column":1}},"7":{"start":{"line":20,"column":4},"end":{"line":20,"column":71}},"8":{"start":{"line":24,"column":33},"end":{"line":40,"column":2}},"9":{"start":{"line":29,"column":2},"end":{"line":39,"column":3}},"10":{"start":{"line":30,"column":21},"end":{"line":32,"column":5}},"11":{"start":{"line":33,"column":4},"end":{"line":33,"column":71}},"12":{"start":{"line":33,"column":53},"end":{"line":33,"column":68}},"13":{"start":{"line":35,"column":18},"end":{"line":37,"column":23}},"14":{"start":{"line":38,"column":4},"end":{"line":38,"column":34}},"15":{"start":{"line":42,"column":40},"end":{"line":49,"column":1}},"16":{"start":{"line":51,"column":34},"end":{"line":92,"column":1}},"17":{"start":{"line":56,"column":16},"end":{"line":56,"column":41}},"18":{"start":{"line":57,"column":20},"end":{"line":57,"column":37}},"19":{"start":{"line":60,"column":23},"end":{"line":69,"column":15}},"20":{"start":{"line":62,"column":8},"end":{"line":67,"column":10}},"21":{"start":{"line":72,"column":2},"end":{"line":91,"column":3}},"22":{"start":{"line":74,"column":6},"end":{"line":76,"column":8}},"23":{"start":{"line":75,"column":8},"end":{"line":75,"column":60}},"24":{"start":{"line":78,"column":6},"end":{"line":80,"column":8}},"25":{"start":{"line":79,"column":8},"end":{"line":79,"column":60}},"26":{"start":{"line":82,"column":6},"end":{"line":84,"column":8}},"27":{"start":{"line":83,"column":18},"end":{"line":83,"column":69}},"28":{"start":{"line":86,"column":6},"end":{"line":88,"column":8}},"29":{"start":{"line":87,"column":18},"end":{"line":87,"column":69}},"30":{"start":{"line":90,"column":6},"end":{"line":90,"column":26}},"31":{"start":{"line":94,"column":26},"end":{"line":120,"column":2}},"32":{"start":{"line":99,"column":6},"end":{"line":99,"column":40}},"33":{"start":{"line":102,"column":6},"end":{"line":102,"column":41}},"34":{"start":{"line":106,"column":4},"end":{"line":118,"column":9}},"35":{"start":{"line":108,"column":8},"end":{"line":108,"column":33}},"36":{"start":{"line":109,"column":8},"end":{"line":109,"column":27}},"37":{"start":{"line":112,"column":8},"end":{"line":112,"column":35}},"38":{"start":{"line":113,"column":8},"end":{"line":113,"column":39}},"39":{"start":{"line":116,"column":8},"end":{"line":116,"column":32}},"40":{"start":{"line":117,"column":8},"end":{"line":117,"column":47}},"41":{"start":{"line":122,"column":49},"end":{"line":122,"column":74}}},"fnMap":{"0":{"name":"(anonymous_0)","decl":{"start":{"line":13,"column":22},"end":{"line":13,"column":23}},"loc":{"start":{"line":13,"column":44},"end":{"line":13,"column":70}},"line":13},"1":{"name":"(anonymous_1)","decl":{"start":{"line":14,"column":25},"end":{"line":14,"column":26}},"loc":{"start":{"line":14,"column":47},"end":{"line":14,"column":76}},"line":14},"2":{"name":"(anonymous_2)","decl":{"start":{"line":15,"column":26},"end":{"line":15,"column":27}},"loc":{"start":{"line":15,"column":48},"end":{"line":15,"column":78}},"line":15},"3":{"name":"(anonymous_3)","decl":{"start":{"line":19,"column":2},"end":{"line":19,"column":3}},"loc":{"start":{"line":19,"column":40},"end":{"line":21,"column":3}},"line":19},"4":{"name":"(anonymous_4)","decl":{"start":{"line":28,"column":36},"end":{"line":28,"column":37}},"loc":{"start":{"line":28,"column":70},"end":{"line":40,"column":1}},"line":28},"5":{"name":"(anonymous_5)","decl":{"start":{"line":33,"column":36},"end":{"line":33,"column":37}},"loc":{"start":{"line":33,"column":53},"end":{"line":33,"column":68}},"line":33},"6":{"name":"(anonymous_6)","decl":{"start":{"line":51,"column":34},"end":{"line":51,"column":35}},"loc":{"start":{"line":55,"column":20},"end":{"line":92,"column":1}},"line":55},"7":{"name":"(anonymous_7)","decl":{"start":{"line":61,"column":18},"end":{"line":61,"column":19}},"loc":{"start":{"line":61,"column":35},"end":{"line":68,"column":7}},"line":61},"8":{"name":"(anonymous_8)","decl":{"start":{"line":74,"column":36},"end":{"line":74,"column":37}},"loc":{"start":{"line":75,"column":8},"end":{"line":75,"column":60}},"line":75},"9":{"name":"(anonymous_9)","decl":{"start":{"line":78,"column":36},"end":{"line":78,"column":37}},"loc":{"start":{"line":79,"column":8},"end":{"line":79,"column":60}},"line":79},"10":{"name":"(anonymous_10)","decl":{"start":{"line":83,"column":8},"end":{"line":83,"column":9}},"loc":{"start":{"line":83,"column":18},"end":{"line":83,"column":69}},"line":83},"11":{"name":"(anonymous_11)","decl":{"start":{"line":87,"column":8},"end":{"line":87,"column":9}},"loc":{"start":{"line":87,"column":18},"end":{"line":87,"column":69}},"line":87},"12":{"name":"(anonymous_12)","decl":{"start":{"line":98,"column":19},"end":{"line":98,"column":20}},"loc":{"start":{"line":98,"column":65},"end":{"line":100,"column":5}},"line":98},"13":{"name":"(anonymous_13)","decl":{"start":{"line":101,"column":20},"end":{"line":101,"column":21}},"loc":{"start":{"line":101,"column":62},"end":{"line":103,"column":5}},"line":101},"14":{"name":"(anonymous_14)","decl":{"start":{"line":105,"column":17},"end":{"line":105,"column":18}},"loc":{"start":{"line":105,"column":30},"end":{"line":119,"column":3}},"line":105},"15":{"name":"(anonymous_15)","decl":{"start":{"line":107,"column":42},"end":{"line":107,"column":43}},"loc":{"start":{"line":107,"column":53},"end":{"line":110,"column":7}},"line":107},"16":{"name":"(anonymous_16)","decl":{"start":{"line":111,"column":44},"end":{"line":111,"column":45}},"loc":{"start":{"line":111,"column":63},"end":{"line":114,"column":7}},"line":111},"17":{"name":"(anonymous_17)","decl":{"start":{"line":115,"column":43},"end":{"line":115,"column":44}},"loc":{"start":{"line":115,"column":62},"end":{"line":118,"column":7}},"line":115}},"branchMap":{"0":{"loc":{"start":{"line":35,"column":18},"end":{"line":37,"column":23}},"type":"cond-expr","locations":[{"start":{"line":36,"column":8},"end":{"line":36,"column":73}},{"start":{"line":37,"column":8},"end":{"line":37,"column":23}}],"line":35},"1":{"loc":{"start":{"line":36,"column":8},"end":{"line":36,"column":73}},"type":"binary-expr","locations":[{"start":{"line":36,"column":8},"end":{"line":36,"column":42}},{"start":{"line":36,"column":46},"end":{"line":36,"column":73}}],"line":36},"2":{"loc":{"start":{"line":60,"column":23},"end":{"line":69,"column":15}},"type":"cond-expr","locations":[{"start":{"line":61,"column":6},"end":{"line":68,"column":8}},{"start":{"line":69,"column":6},"end":{"line":69,"column":15}}],"line":60},"3":{"loc":{"start":{"line":63,"column":10},"end":{"line":66,"column":55}},"type":"binary-expr","locations":[{"start":{"line":63,"column":10},"end":{"line":63,"column":68}},{"start":{"line":64,"column":10},"end":{"line":64,"column":63}},{"start":{"line":65,"column":10},"end":{"line":65,"column":68}},{"start":{"line":66,"column":10},"end":{"line":66,"column":55}}],"line":63},"4":{"loc":{"start":{"line":72,"column":2},"end":{"line":91,"column":3}},"type":"switch","locations":[{"start":{"line":73,"column":4},"end":{"line":76,"column":8}},{"start":{"line":77,"column":4},"end":{"line":80,"column":8}},{"start":{"line":81,"column":4},"end":{"line":84,"column":8}},{"start":{"line":85,"column":4},"end":{"line":88,"column":8}},{"start":{"line":89,"column":4},"end":{"line":90,"column":26}}],"line":72}},"s":{"0":0,"1":0,"2":0,"3":0,"4":0,"5":0,"6":0,"7":0,"8":0,"9":0,"10":0,"11":0,"12":0,"13":0,"14":0,"15":0,"16":0,"17":0,"18":0,"19":0,"20":0,"21":0,"22":0,"23":0,"24":0,"25":0,"26":0,"27":0,"28":0,"29":0,"30":0,"31":0,"32":0,"33":0,"34":0,"35":0,"36":0,"37":0,"38":0,"39":0,"40":0,"41":0},"f":{"0":0,"1":0,"2":0,"3":0,"4":0,"5":0,"6":0,"7":0,"8":0,"9":0,"10":0,"11":0,"12":0,"13":0,"14":0,"15":0,"16":0,"17":0},"b":{"0":[0,0],"1":[0,0],"2":[0,0],"3":[0,0,0,0],"4":[0,0,0,0,0]}}
,"/Users/martinlutern/flip-trx/features/transactions/types.ts": {"path":"/Users/martinlutern/flip-trx/features/transactions/types.ts","statementMap":{},"fnMap":{},"branchMap":{},"s":{},"f":{},"b":{}}
,"/Users/martinlutern/flip-trx/hooks/Colors.ts": {"path":"/Users/martinlutern/flip-trx/hooks/Colors.ts","statementMap":{"0":{"start":{"line":6,"column":23},"end":{"line":6,"column":32}},"1":{"start":{"line":7,"column":22},"end":{"line":7,"column":31}},"2":{"start":{"line":9,"column":22},"end":{"line":26,"column":1}}},"fnMap":{},"branchMap":{},"s":{"0":0,"1":0,"2":0},"f":{},"b":{}}
,"/Users/martinlutern/flip-trx/hooks/useColorScheme.ts": {"path":"/Users/martinlutern/flip-trx/hooks/useColorScheme.ts","statementMap":{},"fnMap":{},"branchMap":{},"s":{},"f":{},"b":{}}
,"/Users/martinlutern/flip-trx/hooks/useThemeColor.ts": {"path":"/Users/martinlutern/flip-trx/hooks/useThemeColor.ts","statementMap":{"0":{"start":{"line":14,"column":16},"end":{"line":14,"column":43}},"1":{"start":{"line":15,"column":25},"end":{"line":15,"column":37}},"2":{"start":{"line":17,"column":2},"end":{"line":21,"column":3}},"3":{"start":{"line":18,"column":4},"end":{"line":18,"column":26}},"4":{"start":{"line":20,"column":4},"end":{"line":20,"column":36}}},"fnMap":{"0":{"name":"useThemeColor","decl":{"start":{"line":10,"column":16},"end":{"line":10,"column":29}},"loc":{"start":{"line":13,"column":2},"end":{"line":22,"column":1}},"line":13}},"branchMap":{"0":{"loc":{"start":{"line":14,"column":16},"end":{"line":14,"column":43}},"type":"binary-expr","locations":[{"start":{"line":14,"column":16},"end":{"line":14,"column":32}},{"start":{"line":14,"column":36},"end":{"line":14,"column":43}}],"line":14},"1":{"loc":{"start":{"line":17,"column":2},"end":{"line":21,"column":3}},"type":"if","locations":[{"start":{"line":17,"column":2},"end":{"line":21,"column":3}},{"start":{"line":19,"column":9},"end":{"line":21,"column":3}}],"line":17}},"s":{"0":0,"1":0,"2":0,"3":0,"4":0},"f":{"0":0},"b":{"0":[0,0],"1":[0,0]}}
,"/Users/martinlutern/flip-trx/redux/store.ts": {"path":"/Users/martinlutern/flip-trx/redux/store.ts","statementMap":{"0":{"start":{"line":4,"column":21},"end":{"line":8,"column":2}}},"fnMap":{},"branchMap":{},"s":{"0":0},"f":{},"b":{}}
,"/Users/martinlutern/flip-trx/themes/color.ts": {"path":"/Users/martinlutern/flip-trx/themes/color.ts","statementMap":{"0":{"start":{"line":1,"column":19},"end":{"line":17,"column":1}}},"fnMap":{},"branchMap":{},"s":{"0":0},"f":{},"b":{}}
,"/Users/martinlutern/flip-trx/themes/theme.ts": {"path":"/Users/martinlutern/flip-trx/themes/theme.ts","statementMap":{"0":{"start":{"line":4,"column":22},"end":{"line":13,"column":10}}},"fnMap":{},"branchMap":{},"s":{"0":0},"f":{},"b":{}}
,"/Users/martinlutern/flip-trx/utils/bankFormatter.ts": {"path":"/Users/martinlutern/flip-trx/utils/bankFormatter.ts","statementMap":{"0":{"start":{"line":1,"column":30},"end":{"line":9,"column":1}},"1":{"start":{"line":2,"column":2},"end":{"line":2,"column":23}},"2":{"start":{"line":2,"column":13},"end":{"line":2,"column":23}},"3":{"start":{"line":4,"column":2},"end":{"line":8,"column":3}},"4":{"start":{"line":5,"column":4},"end":{"line":5,"column":30}},"5":{"start":{"line":7,"column":4},"end":{"line":7,"column":70}}},"fnMap":{"0":{"name":"(anonymous_0)","decl":{"start":{"line":1,"column":30},"end":{"line":1,"column":31}},"loc":{"start":{"line":1,"column":48},"end":{"line":9,"column":1}},"line":1}},"branchMap":{"0":{"loc":{"start":{"line":2,"column":2},"end":{"line":2,"column":23}},"type":"if","locations":[{"start":{"line":2,"column":2},"end":{"line":2,"column":23}},{"start":{},"end":{}}],"line":2},"1":{"loc":{"start":{"line":4,"column":2},"end":{"line":8,"column":3}},"type":"if","locations":[{"start":{"line":4,"column":2},"end":{"line":8,"column":3}},{"start":{"line":6,"column":9},"end":{"line":8,"column":3}}],"line":4}},"s":{"0":1,"1":11,"2":3,"3":8,"4":3,"5":5},"f":{"0":11},"b":{"0":[3,8],"1":[3,5]},"_coverageSchema":"1a1c01bbd47fc00a2c39e90264f33305004495a9","hash":"4445322955fb0e389b9a3258e478445e068da673"}
,"/Users/martinlutern/flip-trx/utils/dateFormatter.ts": {"path":"/Users/martinlutern/flip-trx/utils/dateFormatter.ts","statementMap":{"0":{"start":{"line":8,"column":4},"end":{"line":8,"column":19}},"1":{"start":{"line":9,"column":4},"end":{"line":9,"column":34}},"2":{"start":{"line":13,"column":36},"end":{"line":79,"column":1}},"3":{"start":{"line":17,"column":2},"end":{"line":78,"column":3}},"4":{"start":{"line":18,"column":4},"end":{"line":20,"column":5}},"5":{"start":{"line":19,"column":6},"end":{"line":19,"column":69}},"6":{"start":{"line":22,"column":24},"end":{"line":22,"column":34}},"7":{"start":{"line":23,"column":4},"end":{"line":25,"column":5}},"8":{"start":{"line":24,"column":6},"end":{"line":24,"column":54}},"9":{"start":{"line":26,"column":4},"end":{"line":28,"column":5}},"10":{"start":{"line":27,"column":6},"end":{"line":27,"column":27}},"11":{"start":{"line":30,"column":23},"end":{"line":30,"column":46}},"12":{"start":{"line":32,"column":4},"end":{"line":34,"column":5}},"13":{"start":{"line":33,"column":6},"end":{"line":33,"column":62}},"14":{"start":{"line":37,"column":6},"end":{"line":39,"column":7}},"15":{"start":{"line":41,"column":25},"end":{"line":42,"column":37}},"16":{"start":{"line":43,"column":25},"end":{"line":43,"column":47}},"17":{"start":{"line":45,"column":28},"end":{"line":48,"column":5}},"18":{"start":{"line":50,"column":24},"end":{"line":50,"column":49}},"19":{"start":{"line":51,"column":31},"end":{"line":51,"column":57}},"20":{"start":{"line":52,"column":25},"end":{"line":52,"column":54}},"21":{"start":{"line":54,"column":4},"end":{"line":56,"column":5}},"22":{"start":{"line":55,"column":6},"end":{"line":55,"column":66}},"23":{"start":{"line":58,"column":24},"end":{"line":58,"column":61}},"24":{"start":{"line":60,"column":4},"end":{"line":68,"column":5}},"25":{"start":{"line":61,"column":28},"end":{"line":63,"column":25}},"26":{"start":{"line":64,"column":30},"end":{"line":66,"column":25}},"27":{"start":{"line":67,"column":6},"end":{"line":67,"column":46}},"28":{"start":{"line":70,"column":4},"end":{"line":70,"column":25}},"29":{"start":{"line":72,"column":4},"end":{"line":75,"column":5}},"30":{"start":{"line":73,"column":6},"end":{"line":73,"column":58}},"31":{"start":{"line":74,"column":6},"end":{"line":74,"column":17}},"32":{"start":{"line":76,"column":4},"end":{"line":76,"column":44}},"33":{"start":{"line":77,"column":4},"end":{"line":77,"column":15}}},"fnMap":{"0":{"name":"(anonymous_0)","decl":{"start":{"line":7,"column":2},"end":{"line":7,"column":3}},"loc":{"start":{"line":7,"column":31},"end":{"line":10,"column":3}},"line":7},"1":{"name":"(anonymous_1)","decl":{"start":{"line":13,"column":36},"end":{"line":13,"column":37}},"loc":{"start":{"line":16,"column":13},"end":{"line":79,"column":1}},"line":16}},"branchMap":{"0":{"loc":{"start":{"line":15,"column":2},"end":{"line":15,"column":37}},"type":"default-arg","locations":[{"start":{"line":15,"column":35},"end":{"line":15,"column":37}}],"line":15},"1":{"loc":{"start":{"line":18,"column":4},"end":{"line":20,"column":5}},"type":"if","locations":[{"start":{"line":18,"column":4},"end":{"line":20,"column":5}},{"start":{},"end":{}}],"line":18},"2":{"loc":{"start":{"line":18,"column":8},"end":{"line":18,"column":53}},"type":"binary-expr","locations":[{"start":{"line":18,"column":8},"end":{"line":18,"column":19}},{"start":{"line":18,"column":23},"end":{"line":18,"column":53}}],"line":18},"3":{"loc":{"start":{"line":23,"column":4},"end":{"line":25,"column":5}},"type":"if","locations":[{"start":{"line":23,"column":4},"end":{"line":25,"column":5}},{"start":{},"end":{}}],"line":23},"4":{"loc":{"start":{"line":26,"column":4},"end":{"line":28,"column":5}},"type":"if","locations":[{"start":{"line":26,"column":4},"end":{"line":28,"column":5}},{"start":{},"end":{}}],"line":26},"5":{"loc":{"start":{"line":26,"column":8},"end":{"line":26,"column":68}},"type":"binary-expr","locations":[{"start":{"line":26,"column":8},"end":{"line":26,"column":36}},{"start":{"line":26,"column":40},"end":{"line":26,"column":68}}],"line":26},"6":{"loc":{"start":{"line":32,"column":4},"end":{"line":34,"column":5}},"type":"if","locations":[{"start":{"line":32,"column":4},"end":{"line":34,"column":5}},{"start":{},"end":{}}],"line":32},"7":{"loc":{"start":{"line":37,"column":6},"end":{"line":39,"column":7}},"type":"cond-expr","locations":[{"start":{"line":37,"column":36},"end":{"line":37,"column":37}},{"start":{"line":38,"column":6},"end":{"line":39,"column":7}}],"line":37},"8":{"loc":{"start":{"line":38,"column":6},"end":{"line":39,"column":7}},"type":"cond-expr","locations":[{"start":{"line":38,"column":35},"end":{"line":38,"column":36}},{"start":{"line":39,"column":6},"end":{"line":39,"column":7}}],"line":38},"9":{"loc":{"start":{"line":54,"column":4},"end":{"line":56,"column":5}},"type":"if","locations":[{"start":{"line":54,"column":4},"end":{"line":56,"column":5}},{"start":{},"end":{}}],"line":54},"10":{"loc":{"start":{"line":54,"column":8},"end":{"line":54,"column":41}},"type":"binary-expr","locations":[{"start":{"line":54,"column":8},"end":{"line":54,"column":22}},{"start":{"line":54,"column":26},"end":{"line":54,"column":41}}],"line":54},"11":{"loc":{"start":{"line":60,"column":4},"end":{"line":68,"column":5}},"type":"if","locations":[{"start":{"line":60,"column":4},"end":{"line":68,"column":5}},{"start":{},"end":{}}],"line":60},"12":{"loc":{"start":{"line":72,"column":4},"end":{"line":75,"column":5}},"type":"if","locations":[{"start":{"line":72,"column":4},"end":{"line":75,"column":5}},{"start":{},"end":{}}],"line":72}},"s":{"0":3,"1":3,"2":1,"3":12,"4":12,"5":2,"6":10,"7":10,"8":5,"9":10,"10":5,"11":10,"12":10,"13":1,"14":9,"15":9,"16":9,"17":9,"18":9,"19":9,"20":9,"21":9,"22":0,"23":9,"24":9,"25":2,"26":2,"27":2,"28":9,"29":3,"30":3,"31":3,"32":0,"33":0},"f":{"0":3,"1":12},"b":{"0":[7],"1":[2,10],"2":[12,11],"3":[5,5],"4":[5,5],"5":[10,5],"6":[1,9],"7":[1,8],"8":[1,7],"9":[0,9],"10":[9,9],"11":[2,7],"12":[3,0]},"_coverageSchema":"1a1c01bbd47fc00a2c39e90264f33305004495a9","hash":"3c7ae0d468f5d4ddae9b9139e53b4b506a0a8ff7"}
,"/Users/martinlutern/flip-trx/utils/statusFormatter.ts": {"path":"/Users/martinlutern/flip-trx/utils/statusFormatter.ts","statementMap":{"0":{"start":{"line":3,"column":31},"end":{"line":69,"column":1}},"1":{"start":{"line":5,"column":24},"end":{"line":5,"column":44}},"2":{"start":{"line":6,"column":4},"end":{"line":15,"column":5}},"3":{"start":{"line":8,"column":8},"end":{"line":8,"column":28}},"4":{"start":{"line":10,"column":8},"end":{"line":10,"column":26}},"5":{"start":{"line":12,"column":8},"end":{"line":12,"column":23}},"6":{"start":{"line":14,"column":8},"end":{"line":14,"column":27}},"7":{"start":{"line":19,"column":4},"end":{"line":28,"column":5}},"8":{"start":{"line":21,"column":8},"end":{"line":21,"column":25}},"9":{"start":{"line":23,"column":8},"end":{"line":23,"column":25}},"10":{"start":{"line":25,"column":8},"end":{"line":25,"column":25}},"11":{"start":{"line":27,"column":8},"end":{"line":27,"column":25}},"12":{"start":{"line":32,"column":4},"end":{"line":41,"column":5}},"13":{"start":{"line":34,"column":8},"end":{"line":34,"column":29}},"14":{"start":{"line":36,"column":8},"end":{"line":36,"column":25}},"15":{"start":{"line":38,"column":8},"end":{"line":38,"column":25}},"16":{"start":{"line":40,"column":8},"end":{"line":40,"column":29}},"17":{"start":{"line":45,"column":4},"end":{"line":54,"column":5}},"18":{"start":{"line":47,"column":8},"end":{"line":47,"column":25}},"19":{"start":{"line":49,"column":8},"end":{"line":49,"column":29}},"20":{"start":{"line":51,"column":8},"end":{"line":51,"column":29}},"21":{"start":{"line":53,"column":8},"end":{"line":53,"column":29}},"22":{"start":{"line":58,"column":4},"end":{"line":67,"column":5}},"23":{"start":{"line":60,"column":8},"end":{"line":60,"column":25}},"24":{"start":{"line":62,"column":8},"end":{"line":62,"column":25}},"25":{"start":{"line":64,"column":8},"end":{"line":64,"column":25}},"26":{"start":{"line":66,"column":8},"end":{"line":66,"column":25}}},"fnMap":{"0":{"name":"(anonymous_0)","decl":{"start":{"line":4,"column":13},"end":{"line":4,"column":14}},"loc":{"start":{"line":4,"column":41},"end":{"line":16,"column":3}},"line":4},"1":{"name":"(anonymous_1)","decl":{"start":{"line":18,"column":17},"end":{"line":18,"column":18}},"loc":{"start":{"line":18,"column":45},"end":{"line":29,"column":3}},"line":18},"2":{"name":"(anonymous_2)","decl":{"start":{"line":31,"column":22},"end":{"line":31,"column":23}},"loc":{"start":{"line":31,"column":50},"end":{"line":42,"column":3}},"line":31},"3":{"name":"(anonymous_3)","decl":{"start":{"line":44,"column":18},"end":{"line":44,"column":19}},"loc":{"start":{"line":44,"column":46},"end":{"line":55,"column":3}},"line":44},"4":{"name":"(anonymous_4)","decl":{"start":{"line":57,"column":16},"end":{"line":57,"column":17}},"loc":{"start":{"line":57,"column":44},"end":{"line":68,"column":3}},"line":57}},"branchMap":{"0":{"loc":{"start":{"line":6,"column":4},"end":{"line":15,"column":5}},"type":"switch","locations":[{"start":{"line":7,"column":6},"end":{"line":8,"column":28}},{"start":{"line":9,"column":6},"end":{"line":10,"column":26}},{"start":{"line":11,"column":6},"end":{"line":12,"column":23}},{"start":{"line":13,"column":6},"end":{"line":14,"column":27}}],"line":6},"1":{"loc":{"start":{"line":19,"column":4},"end":{"line":28,"column":5}},"type":"switch","locations":[{"start":{"line":20,"column":6},"end":{"line":21,"column":25}},{"start":{"line":22,"column":6},"end":{"line":23,"column":25}},{"start":{"line":24,"column":6},"end":{"line":25,"column":25}},{"start":{"line":26,"column":6},"end":{"line":27,"column":25}}],"line":19},"2":{"loc":{"start":{"line":32,"column":4},"end":{"line":41,"column":5}},"type":"switch","locations":[{"start":{"line":33,"column":6},"end":{"line":34,"column":29}},{"start":{"line":35,"column":6},"end":{"line":36,"column":25}},{"start":{"line":37,"column":6},"end":{"line":38,"column":25}},{"start":{"line":39,"column":6},"end":{"line":40,"column":29}}],"line":32},"3":{"loc":{"start":{"line":45,"column":4},"end":{"line":54,"column":5}},"type":"switch","locations":[{"start":{"line":46,"column":6},"end":{"line":47,"column":25}},{"start":{"line":48,"column":6},"end":{"line":49,"column":29}},{"start":{"line":50,"column":6},"end":{"line":51,"column":29}},{"start":{"line":52,"column":6},"end":{"line":53,"column":29}}],"line":45},"4":{"loc":{"start":{"line":58,"column":4},"end":{"line":67,"column":5}},"type":"switch","locations":[{"start":{"line":59,"column":6},"end":{"line":60,"column":25}},{"start":{"line":61,"column":6},"end":{"line":62,"column":25}},{"start":{"line":63,"column":6},"end":{"line":64,"column":25}},{"start":{"line":65,"column":6},"end":{"line":66,"column":25}}],"line":58}},"s":{"0":1,"1":8,"2":8,"3":2,"4":2,"5":2,"6":2,"7":4,"8":1,"9":1,"10":1,"11":1,"12":4,"13":1,"14":1,"15":1,"16":1,"17":4,"18":1,"19":1,"20":1,"21":1,"22":4,"23":1,"24":1,"25":1,"26":1},"f":{"0":8,"1":4,"2":4,"3":4,"4":4},"b":{"0":[2,2,2,2],"1":[1,1,1,1],"2":[1,1,1,1],"3":[1,1,1,1],"4":[1,1,1,1]},"_coverageSchema":"1a1c01bbd47fc00a2c39e90264f33305004495a9","hash":"1a9ec9e8666e83cda416020fa5b6d8459fb9d760"}
}
