TN:
SF:app/[id].tsx
FN:10,DetailPage
FN:14,(anonymous_1)
FN:17,(anonymous_2)
FN:23,(anonymous_3)
FN:91,(anonymous_4)
FNF:5
FNH:0
FNDA:0,DetailPage
FNDA:0,(anonymous_1)
FNDA:0,(anonymous_2)
FNDA:0,(anonymous_3)
FNDA:0,(anonymous_4)
DA:11,0
DA:12,0
DA:13,0
DA:14,0
DA:17,0
DA:18,0
DA:19,0
DA:20,0
DA:23,0
DA:24,0
DA:25,0
DA:32,0
DA:33,0
DA:40,0
DA:91,0
DA:102,0
DA:116,0
LF:17
LH:0
BRDA:18,0,0,0
BRDA:18,0,1,0
BRDA:24,1,0,0
BRDA:24,1,1,0
BRDA:32,2,0,0
BRDA:32,2,1,0
BRDA:107,3,0,0
BRDA:107,3,1,0
BRF:8
BRH:0
end_of_record
TN:
SF:app/_layout.tsx
FN:13,RootLayout
FN:18,(anonymous_1)
FN:24,(anonymous_2)
FN:29,(anonymous_3)
FNF:4
FNH:0
FNDA:0,RootLayout
FNDA:0,(anonymous_1)
FNDA:0,(anonymous_2)
FNDA:0,(anonymous_3)
DA:11,0
DA:14,0
DA:18,0
DA:19,0
DA:20,0
DA:24,0
DA:25,0
DA:28,0
DA:29,0
DA:37,0
DA:38,0
DA:45,0
LF:12
LH:0
BRDA:19,0,0,0
BRDA:19,0,1,0
BRDA:19,1,0,0
BRDA:19,1,1,0
BRDA:37,2,0,0
BRDA:37,2,1,0
BRDA:37,3,0,0
BRDA:37,3,1,0
BRF:8
BRH:0
end_of_record
TN:
SF:app/index.tsx
FN:28,TransactionList
FN:31,(anonymous_1)
FN:47,(anonymous_2)
FN:49,(anonymous_3)
FN:54,(anonymous_4)
FN:61,(anonymous_5)
FN:70,(anonymous_6)
FN:78,(anonymous_7)
FN:108,(anonymous_8)
FN:129,(anonymous_9)
FN:155,(anonymous_10)
FN:157,(anonymous_11)
FNF:12
FNH:0
FNDA:0,TransactionList
FNDA:0,(anonymous_1)
FNDA:0,(anonymous_2)
FNDA:0,(anonymous_3)
FNDA:0,(anonymous_4)
FNDA:0,(anonymous_5)
FNDA:0,(anonymous_6)
FNDA:0,(anonymous_7)
FNDA:0,(anonymous_8)
FNDA:0,(anonymous_9)
FNDA:0,(anonymous_10)
FNDA:0,(anonymous_11)
DA:29,0
DA:30,0
DA:31,0
DA:40,0
DA:42,0
DA:43,0
DA:44,0
DA:45,0
DA:47,0
DA:48,0
DA:49,0
DA:50,0
DA:54,0
DA:55,0
DA:56,0
DA:57,0
DA:60,0
DA:62,0
DA:63,0
DA:65,0
DA:66,0
DA:67,0
DA:70,0
DA:71,0
DA:77,0
DA:78,0
DA:82,0
DA:83,0
DA:84,0
DA:85,0
DA:87,0
DA:108,0
DA:129,0
DA:155,0
DA:158,0
DA:159,0
DA:166,0
LF:37
LH:0
BRDA:50,0,0,0
BRDA:50,0,1,0
BRDA:63,1,0,0
BRDA:63,1,1,0
BRDA:65,2,0,0
BRDA:65,2,1,0
BRDA:82,3,0,0
BRDA:82,3,1,0
BRDA:84,4,0,0
BRDA:84,4,1,0
BRDA:114,5,0,0
BRDA:114,5,1,0
BRDA:122,6,0,0
BRDA:122,6,1,0
BRF:14
BRH:0
end_of_record
TN:
SF:components/Divider/index.tsx
FN:12,(anonymous_0)
FNF:1
FNH:0
FNDA:0,(anonymous_0)
DA:12,0
DA:18,0
DA:24,0
LF:3
LH:0
BRDA:13,0,0,0
BRDA:14,1,0,0
BRDA:15,2,0,0
BRDA:19,3,0,0
BRDA:19,3,1,0
BRDA:21,4,0,0
BRDA:21,4,1,0
BRF:7
BRH:0
end_of_record
TN:
SF:components/SortDialog/index.tsx
FN:28,(anonymous_0)
FN:30,(anonymous_1)
FN:38,(anonymous_2)
FN:54,(anonymous_3)
FN:72,(anonymous_4)
FN:73,(anonymous_5)
FNF:6
FNH:0
FNDA:0,(anonymous_0)
FNDA:0,(anonymous_1)
FNDA:0,(anonymous_2)
FNDA:0,(anonymous_3)
FNDA:0,(anonymous_4)
FNDA:0,(anonymous_5)
DA:19,0
DA:27,0
DA:29,0
DA:31,0
DA:32,0
DA:37,0
DA:39,0
DA:48,0
DA:54,0
DA:72,0
DA:73,0
DA:74,0
DA:77,0
DA:92,0
LF:14
LH:0
BRDA:83,0,0,0
BRDA:83,0,1,0
BRF:2
BRH:0
end_of_record
TN:
SF:components/Spacer/index.tsx
FN:19,(anonymous_0)
FNF:1
FNH:0
FNDA:0,(anonymous_0)
DA:11,0
DA:19,0
DA:23,0
DA:25,0
DA:29,0
LF:5
LH:0
BRDA:20,0,0,0
BRDA:21,1,0,0
BRDA:23,2,0,0
BRDA:23,2,1,0
BRDA:26,3,0,0
BRDA:26,3,1,0
BRF:6
BRH:0
end_of_record
TN:
SF:components/TransactionItem/index.tsx
FN:17,(anonymous_0)
FN:26,(anonymous_1)
FN:31,(anonymous_2)
FN:40,(anonymous_3)
FN:45,(anonymous_4)
FN:50,(anonymous_5)
FN:55,(anonymous_6)
FN:95,(anonymous_7)
FNF:8
FNH:0
FNDA:0,(anonymous_0)
FNDA:0,(anonymous_1)
FNDA:0,(anonymous_2)
FNDA:0,(anonymous_3)
FNDA:0,(anonymous_4)
FNDA:0,(anonymous_5)
FNDA:0,(anonymous_6)
FNDA:0,(anonymous_7)
DA:16,0
DA:26,0
DA:27,0
DA:30,0
DA:31,0
DA:39,0
DA:40,0
DA:44,0
DA:45,0
DA:49,0
DA:50,0
DA:54,0
DA:55,0
DA:65,0
DA:95,0
DA:98,0
LF:16
LH:0
BRF:0
BRH:0
end_of_record
TN:
SF:features/transactions/transactionsSlice.ts
FN:13,(anonymous_0)
FN:14,(anonymous_1)
FN:15,(anonymous_2)
FN:19,(anonymous_3)
FN:28,(anonymous_4)
FN:33,(anonymous_5)
FN:51,(anonymous_6)
FN:61,(anonymous_7)
FN:74,(anonymous_8)
FN:78,(anonymous_9)
FN:83,(anonymous_10)
FN:87,(anonymous_11)
FN:98,(anonymous_12)
FN:101,(anonymous_13)
FN:105,(anonymous_14)
FN:107,(anonymous_15)
FN:111,(anonymous_16)
FN:115,(anonymous_17)
FNF:18
FNH:0
FNDA:0,(anonymous_0)
FNDA:0,(anonymous_1)
FNDA:0,(anonymous_2)
FNDA:0,(anonymous_3)
FNDA:0,(anonymous_4)
FNDA:0,(anonymous_5)
FNDA:0,(anonymous_6)
FNDA:0,(anonymous_7)
FNDA:0,(anonymous_8)
FNDA:0,(anonymous_9)
FNDA:0,(anonymous_10)
FNDA:0,(anonymous_11)
FNDA:0,(anonymous_12)
FNDA:0,(anonymous_13)
FNDA:0,(anonymous_14)
FNDA:0,(anonymous_15)
FNDA:0,(anonymous_16)
FNDA:0,(anonymous_17)
DA:13,0
DA:14,0
DA:15,0
DA:17,0
DA:20,0
DA:24,0
DA:29,0
DA:30,0
DA:33,0
DA:35,0
DA:38,0
DA:42,0
DA:51,0
DA:56,0
DA:57,0
DA:60,0
DA:62,0
DA:72,0
DA:74,0
DA:75,0
DA:78,0
DA:79,0
DA:82,0
DA:83,0
DA:86,0
DA:87,0
DA:90,0
DA:94,0
DA:99,0
DA:102,0
DA:106,0
DA:108,0
DA:109,0
DA:112,0
DA:113,0
DA:116,0
DA:117,0
DA:122,0
LF:38
LH:0
BRDA:35,0,0,0
BRDA:35,0,1,0
BRDA:36,1,0,0
BRDA:36,1,1,0
BRDA:60,2,0,0
BRDA:60,2,1,0
BRDA:63,3,0,0
BRDA:63,3,1,0
BRDA:63,3,2,0
BRDA:63,3,3,0
BRDA:72,4,0,0
BRDA:72,4,1,0
BRDA:72,4,2,0
BRDA:72,4,3,0
BRDA:72,4,4,0
BRF:15
BRH:0
end_of_record
TN:
SF:features/transactions/types.ts
FNF:0
FNH:0
LF:0
LH:0
BRF:0
BRH:0
end_of_record
TN:
SF:hooks/Colors.ts
FNF:0
FNH:0
DA:6,0
DA:7,0
DA:9,0
LF:3
LH:0
BRF:0
BRH:0
end_of_record
TN:
SF:hooks/useColorScheme.ts
FNF:0
FNH:0
LF:0
LH:0
BRF:0
BRH:0
end_of_record
TN:
SF:hooks/useThemeColor.ts
FN:10,useThemeColor
FNF:1
FNH:0
FNDA:0,useThemeColor
DA:14,0
DA:15,0
DA:17,0
DA:18,0
DA:20,0
LF:5
LH:0
BRDA:14,0,0,0
BRDA:14,0,1,0
BRDA:17,1,0,0
BRDA:17,1,1,0
BRF:4
BRH:0
end_of_record
TN:
SF:redux/store.ts
FNF:0
FNH:0
DA:4,0
LF:1
LH:0
BRF:0
BRH:0
end_of_record
TN:
SF:themes/color.ts
FNF:0
FNH:0
DA:1,0
LF:1
LH:0
BRF:0
BRH:0
end_of_record
TN:
SF:themes/theme.ts
FNF:0
FNH:0
DA:4,0
LF:1
LH:0
BRF:0
BRH:0
end_of_record
TN:
SF:utils/bankFormatter.ts
FN:1,(anonymous_0)
FNF:1
FNH:1
FNDA:11,(anonymous_0)
DA:1,1
DA:2,11
DA:4,8
DA:5,3
DA:7,5
LF:5
LH:5
BRDA:2,0,0,3
BRDA:2,0,1,8
BRDA:4,1,0,3
BRDA:4,1,1,5
BRF:4
BRH:4
end_of_record
TN:
SF:utils/dateFormatter.ts
FN:7,(anonymous_0)
FN:13,(anonymous_1)
FNF:2
FNH:2
FNDA:3,(anonymous_0)
FNDA:12,(anonymous_1)
DA:8,3
DA:9,3
DA:13,1
DA:17,12
DA:18,12
DA:19,2
DA:22,10
DA:23,10
DA:24,5
DA:26,10
DA:27,5
DA:30,10
DA:32,10
DA:33,1
DA:37,9
DA:41,9
DA:43,9
DA:45,9
DA:50,9
DA:51,9
DA:52,9
DA:54,9
DA:55,0
DA:58,9
DA:60,9
DA:61,2
DA:64,2
DA:67,2
DA:70,9
DA:72,3
DA:73,3
DA:74,3
DA:76,0
DA:77,0
LF:34
LH:31
BRDA:15,0,0,7
BRDA:18,1,0,2
BRDA:18,1,1,10
BRDA:18,2,0,12
BRDA:18,2,1,11
BRDA:23,3,0,5
BRDA:23,3,1,5
BRDA:26,4,0,5
BRDA:26,4,1,5
BRDA:26,5,0,10
BRDA:26,5,1,5
BRDA:32,6,0,1
BRDA:32,6,1,9
BRDA:37,7,0,1
BRDA:37,7,1,8
BRDA:38,8,0,1
BRDA:38,8,1,7
BRDA:54,9,0,0
BRDA:54,9,1,9
BRDA:54,10,0,9
BRDA:54,10,1,9
BRDA:60,11,0,2
BRDA:60,11,1,7
BRDA:72,12,0,3
BRDA:72,12,1,0
BRF:25
BRH:23
end_of_record
TN:
SF:utils/statusFormatter.ts
FN:4,(anonymous_0)
FN:18,(anonymous_1)
FN:31,(anonymous_2)
FN:44,(anonymous_3)
FN:57,(anonymous_4)
FNF:5
FNH:5
FNDA:8,(anonymous_0)
FNDA:4,(anonymous_1)
FNDA:4,(anonymous_2)
FNDA:4,(anonymous_3)
FNDA:4,(anonymous_4)
DA:3,1
DA:5,8
DA:6,8
DA:8,2
DA:10,2
DA:12,2
DA:14,2
DA:19,4
DA:21,1
DA:23,1
DA:25,1
DA:27,1
DA:32,4
DA:34,1
DA:36,1
DA:38,1
DA:40,1
DA:45,4
DA:47,1
DA:49,1
DA:51,1
DA:53,1
DA:58,4
DA:60,1
DA:62,1
DA:64,1
DA:66,1
LF:27
LH:27
BRDA:6,0,0,2
BRDA:6,0,1,2
BRDA:6,0,2,2
BRDA:6,0,3,2
BRDA:19,1,0,1
BRDA:19,1,1,1
BRDA:19,1,2,1
BRDA:19,1,3,1
BRDA:32,2,0,1
BRDA:32,2,1,1
BRDA:32,2,2,1
BRDA:32,2,3,1
BRDA:45,3,0,1
BRDA:45,3,1,1
BRDA:45,3,2,1
BRDA:45,3,3,1
BRDA:58,4,0,1
BRDA:58,4,1,1
BRDA:58,4,2,1
BRDA:58,4,3,1
BRF:20
BRH:20
end_of_record
